TN:
SF:src\email\email.service.ts
FN:10,(anonymous_2)
FN:12,(anonymous_3)
FN:23,(anonymous_4)
FN:61,(anonymous_5)
FN:62,(anonymous_6)
FN:86,(anonymous_7)
FN:143,(anonymous_8)
FN:197,(anonymous_9)
FN:250,(anonymous_10)
FNF:9
FNH:0
FNDA:0,(anonymous_2)
FNDA:0,(anonymous_3)
FNDA:0,(anonymous_4)
FNDA:0,(anonymous_5)
FNDA:0,(anonymous_6)
FNDA:0,(anonymous_7)
FNDA:0,(anonymous_8)
FNDA:0,(anonymous_9)
FNDA:0,(anonymous_10)
DA:1,0
DA:2,0
DA:3,0
DA:6,0
DA:7,0
DA:10,0
DA:12,0
DA:13,0
DA:15,0
DA:16,0
DA:18,0
DA:24,0
DA:26,0
DA:27,0
DA:29,0
DA:40,0
DA:41,0
DA:42,0
DA:44,0
DA:45,0
DA:48,0
DA:60,0
DA:61,0
DA:62,0
DA:63,0
DA:64,0
DA:65,0
DA:67,0
DA:68,0
DA:73,0
DA:76,0
DA:78,0
DA:79,0
DA:81,0
DA:87,0
DA:88,0
DA:89,0
DA:92,0
DA:93,0
DA:95,0
DA:124,0
DA:125,0
DA:127,0
DA:128,0
DA:129,0
DA:131,0
DA:135,0
DA:136,0
DA:138,0
DA:139,0
DA:144,0
DA:145,0
DA:146,0
DA:149,0
DA:150,0
DA:153,0
DA:178,0
DA:179,0
DA:181,0
DA:182,0
DA:183,0
DA:185,0
DA:189,0
DA:190,0
DA:192,0
DA:193,0
DA:198,0
DA:199,0
DA:200,0
DA:203,0
DA:231,0
DA:232,0
DA:234,0
DA:235,0
DA:236,0
DA:238,0
DA:242,0
DA:243,0
DA:245,0
DA:246,0
DA:251,0
DA:252,0
DA:253,0
DA:256,0
DA:257,0
DA:259,0
DA:288,0
DA:289,0
DA:291,0
DA:292,0
DA:293,0
DA:295,0
DA:299,0
DA:300,0
DA:302,0
DA:303,0
LF:96
LH:0
BRDA:15,0,0,0
BRDA:15,0,1,0
BRDA:27,1,0,0
BRDA:27,1,1,0
BRDA:44,2,0,0
BRDA:44,3,0,0
BRDA:44,3,1,0
BRDA:44,3,2,0
BRDA:63,4,0,0
BRDA:63,4,1,0
BRDA:78,5,0,0
BRDA:78,5,1,0
BRDA:88,6,0,0
BRDA:88,7,0,0
BRDA:88,7,1,0
BRDA:124,8,0,0
BRDA:127,9,0,0
BRDA:127,9,1,0
BRDA:145,10,0,0
BRDA:145,11,0,0
BRDA:145,11,1,0
BRDA:149,12,0,0
BRDA:164,13,0,0
BRDA:164,13,1,0
BRDA:165,14,0,0
BRDA:165,14,1,0
BRDA:166,15,0,0
BRDA:166,15,1,0
BRDA:166,16,0,0
BRDA:166,16,1,0
BRDA:167,17,0,0
BRDA:167,17,1,0
BRDA:178,18,0,0
BRDA:181,19,0,0
BRDA:181,19,1,0
BRDA:199,20,0,0
BRDA:199,21,0,0
BRDA:199,21,1,0
BRDA:231,22,0,0
BRDA:234,23,0,0
BRDA:234,23,1,0
BRDA:252,24,0,0
BRDA:252,25,0,0
BRDA:252,25,1,0
BRDA:288,26,0,0
BRDA:291,27,0,0
BRDA:291,27,1,0
BRF:47
BRH:0
end_of_record
TN:
SF:src\inventory\inventory-skus.controller.ts
FN:22,(anonymous_4)
FN:26,(anonymous_5)
FN:32,(anonymous_6)
FN:41,(anonymous_7)
FN:47,(anonymous_8)
FN:53,(anonymous_9)
FN:59,(anonymous_10)
FN:65,(anonymous_11)
FN:75,(anonymous_12)
FN:81,(anonymous_13)
FN:87,(anonymous_14)
FNF:11
FNH:0
FNDA:0,(anonymous_4)
FNDA:0,(anonymous_5)
FNDA:0,(anonymous_6)
FNDA:0,(anonymous_7)
FNDA:0,(anonymous_8)
FNDA:0,(anonymous_9)
FNDA:0,(anonymous_10)
FNDA:0,(anonymous_11)
FNDA:0,(anonymous_12)
FNDA:0,(anonymous_13)
FNDA:0,(anonymous_14)
DA:1,0
DA:12,0
DA:13,0
DA:14,0
DA:15,0
DA:16,0
DA:17,0
DA:21,0
DA:22,0
DA:26,0
DA:27,0
DA:32,0
DA:36,0
DA:41,0
DA:42,0
DA:47,0
DA:48,0
DA:53,0
DA:54,0
DA:59,0
DA:60,0
DA:65,0
DA:70,0
DA:75,0
DA:76,0
DA:81,0
DA:82,0
DA:87,0
DA:88,0
LF:29
LH:0
BRF:0
BRH:0
end_of_record
TN:
SF:src\inventory\inventory-skus.service.ts
FN:7,(anonymous_2)
FN:9,(anonymous_3)
FN:59,(anonymous_4)
FN:80,(anonymous_5)
FN:96,(anonymous_6)
FN:112,(anonymous_7)
FN:150,(anonymous_8)
FN:164,(anonymous_9)
FN:193,(anonymous_10)
FN:218,(anonymous_11)
FN:227,(anonymous_12)
FN:228,(anonymous_13)
FN:235,(anonymous_14)
FN:254,(anonymous_15)
FNF:14
FNH:0
FNDA:0,(anonymous_2)
FNDA:0,(anonymous_3)
FNDA:0,(anonymous_4)
FNDA:0,(anonymous_5)
FNDA:0,(anonymous_6)
FNDA:0,(anonymous_7)
FNDA:0,(anonymous_8)
FNDA:0,(anonymous_9)
FNDA:0,(anonymous_10)
FNDA:0,(anonymous_11)
FNDA:0,(anonymous_12)
FNDA:0,(anonymous_13)
FNDA:0,(anonymous_14)
FNDA:0,(anonymous_15)
DA:1,0
DA:2,0
DA:6,0
DA:7,0
DA:10,0
DA:13,0
DA:16,0
DA:17,0
DA:21,0
DA:24,0
DA:25,0
DA:29,0
DA:32,0
DA:33,0
DA:37,0
DA:38,0
DA:39,0
DA:41,0
DA:42,0
DA:46,0
DA:60,0
DA:62,0
DA:63,0
DA:66,0
DA:67,0
DA:70,0
DA:81,0
DA:89,0
DA:90,0
DA:93,0
DA:97,0
DA:105,0
DA:106,0
DA:109,0
DA:114,0
DA:117,0
DA:118,0
DA:122,0
DA:123,0
DA:124,0
DA:128,0
DA:129,0
DA:130,0
DA:132,0
DA:133,0
DA:135,0
DA:136,0
DA:140,0
DA:152,0
DA:155,0
DA:156,0
DA:159,0
DA:165,0
DA:169,0
DA:170,0
DA:173,0
DA:176,0
DA:177,0
DA:179,0
DA:180,0
DA:183,0
DA:194,0
DA:196,0
DA:197,0
DA:202,0
DA:208,0
DA:219,0
DA:226,0
DA:227,0
DA:228,0
DA:229,0
DA:230,0
DA:232,0
DA:235,0
DA:236,0
DA:237,0
DA:238,0
DA:240,0
DA:241,0
DA:242,0
DA:245,0
DA:255,0
LF:82
LH:0
BRDA:16,0,0,0
BRDA:24,1,0,0
BRDA:32,2,0,0
BRDA:37,3,0,0
BRDA:37,4,0,0
BRDA:37,4,1,0
BRDA:38,5,0,0
BRDA:41,6,0,0
BRDA:41,7,0,0
BRDA:41,7,1,0
BRDA:62,8,0,0
BRDA:66,9,0,0
BRDA:89,10,0,0
BRDA:105,11,0,0
BRDA:117,12,0,0
BRDA:122,13,0,0
BRDA:122,14,0,0
BRDA:122,14,1,0
BRDA:123,15,0,0
BRDA:128,16,0,0
BRDA:129,17,0,0
BRDA:129,17,1,0
BRDA:130,18,0,0
BRDA:130,18,1,0
BRDA:132,19,0,0
BRDA:132,20,0,0
BRDA:132,20,1,0
BRDA:135,21,0,0
BRDA:135,22,0,0
BRDA:135,22,1,0
BRDA:155,23,0,0
BRDA:169,24,0,0
BRDA:176,25,0,0
BRDA:176,26,0,0
BRDA:176,26,1,0
BRDA:179,27,0,0
BRDA:179,28,0,0
BRDA:179,28,1,0
BRDA:196,29,0,0
BRDA:196,29,1,0
BRDA:229,30,0,0
BRDA:237,31,0,0
BRDA:250,32,0,0
BRDA:250,32,1,0
BRF:44
BRH:0
end_of_record
TN:
SF:src\inventory\return-lines.controller.ts
FN:22,(anonymous_4)
FN:26,(anonymous_5)
FN:32,(anonymous_6)
FN:41,(anonymous_7)
FN:47,(anonymous_8)
FN:53,(anonymous_9)
FN:59,(anonymous_10)
FN:69,(anonymous_11)
FN:79,(anonymous_12)
FNF:9
FNH:0
FNDA:0,(anonymous_4)
FNDA:0,(anonymous_5)
FNDA:0,(anonymous_6)
FNDA:0,(anonymous_7)
FNDA:0,(anonymous_8)
FNDA:0,(anonymous_9)
FNDA:0,(anonymous_10)
FNDA:0,(anonymous_11)
FNDA:0,(anonymous_12)
DA:1,0
DA:12,0
DA:13,0
DA:14,0
DA:15,0
DA:16,0
DA:17,0
DA:21,0
DA:22,0
DA:26,0
DA:27,0
DA:32,0
DA:36,0
DA:41,0
DA:42,0
DA:47,0
DA:48,0
DA:53,0
DA:54,0
DA:59,0
DA:64,0
DA:69,0
DA:74,0
DA:79,0
DA:80,0
LF:25
LH:0
BRF:0
BRH:0
end_of_record
TN:
SF:src\kanban\kanban-boards.controller.ts
FN:22,(anonymous_4)
FN:26,(anonymous_5)
FN:32,(anonymous_6)
FN:38,(anonymous_7)
FN:44,(anonymous_8)
FN:50,(anonymous_9)
FN:56,(anonymous_10)
FN:66,(anonymous_11)
FNF:8
FNH:0
FNDA:0,(anonymous_4)
FNDA:0,(anonymous_5)
FNDA:0,(anonymous_6)
FNDA:0,(anonymous_7)
FNDA:0,(anonymous_8)
FNDA:0,(anonymous_9)
FNDA:0,(anonymous_10)
FNDA:0,(anonymous_11)
DA:1,0
DA:12,0
DA:13,0
DA:14,0
DA:15,0
DA:16,0
DA:17,0
DA:21,0
DA:22,0
DA:26,0
DA:27,0
DA:32,0
DA:33,0
DA:38,0
DA:39,0
DA:44,0
DA:45,0
DA:50,0
DA:51,0
DA:56,0
DA:61,0
DA:66,0
DA:67,0
LF:23
LH:0
BRF:0
BRH:0
end_of_record
TN:
SF:src\kanban\kanban-columns.controller.ts
FN:22,(anonymous_4)
FN:26,(anonymous_5)
FN:32,(anonymous_6)
FN:38,(anonymous_7)
FN:44,(anonymous_8)
FN:50,(anonymous_9)
FN:56,(anonymous_10)
FN:65,(anonymous_11)
FN:75,(anonymous_12)
FNF:9
FNH:0
FNDA:0,(anonymous_4)
FNDA:0,(anonymous_5)
FNDA:0,(anonymous_6)
FNDA:0,(anonymous_7)
FNDA:0,(anonymous_8)
FNDA:0,(anonymous_9)
FNDA:0,(anonymous_10)
FNDA:0,(anonymous_11)
FNDA:0,(anonymous_12)
DA:1,0
DA:12,0
DA:13,0
DA:14,0
DA:15,0
DA:16,0
DA:17,0
DA:21,0
DA:22,0
DA:26,0
DA:27,0
DA:32,0
DA:33,0
DA:38,0
DA:39,0
DA:44,0
DA:45,0
DA:50,0
DA:51,0
DA:56,0
DA:60,0
DA:65,0
DA:70,0
DA:75,0
DA:76,0
LF:25
LH:0
BRF:0
BRH:0
end_of_record
TN:
SF:src\kanban\kanban-tasks.controller.ts
FN:22,(anonymous_4)
FN:26,(anonymous_5)
FN:32,(anonymous_6)
FN:41,(anonymous_7)
FN:47,(anonymous_8)
FN:53,(anonymous_9)
FN:59,(anonymous_10)
FN:69,(anonymous_11)
FN:78,(anonymous_12)
FNF:9
FNH:0
FNDA:0,(anonymous_4)
FNDA:0,(anonymous_5)
FNDA:0,(anonymous_6)
FNDA:0,(anonymous_7)
FNDA:0,(anonymous_8)
FNDA:0,(anonymous_9)
FNDA:0,(anonymous_10)
FNDA:0,(anonymous_11)
FNDA:0,(anonymous_12)
DA:1,0
DA:12,0
DA:13,0
DA:14,0
DA:15,0
DA:16,0
DA:17,0
DA:21,0
DA:22,0
DA:26,0
DA:27,0
DA:32,0
DA:36,0
DA:41,0
DA:42,0
DA:47,0
DA:48,0
DA:53,0
DA:54,0
DA:59,0
DA:64,0
DA:69,0
DA:73,0
DA:78,0
DA:79,0
LF:25
LH:0
BRF:0
BRH:0
end_of_record
TN:
SF:src\matching\matching.controller.ts
FN:21,(anonymous_4)
FN:26,(anonymous_5)
FN:41,(anonymous_6)
FN:51,(anonymous_7)
FN:67,(anonymous_8)
FN:82,(anonymous_9)
FN:93,(anonymous_10)
FN:100,(anonymous_11)
FN:115,(anonymous_12)
FN:125,(anonymous_13)
FNF:10
FNH:0
FNDA:0,(anonymous_4)
FNDA:0,(anonymous_5)
FNDA:0,(anonymous_6)
FNDA:0,(anonymous_7)
FNDA:0,(anonymous_8)
FNDA:0,(anonymous_9)
FNDA:0,(anonymous_10)
FNDA:0,(anonymous_11)
FNDA:0,(anonymous_12)
FNDA:0,(anonymous_13)
DA:1,0
DA:2,0
DA:3,0
DA:4,0
DA:5,0
DA:6,0
DA:7,0
DA:20,0
DA:21,0
DA:26,0
DA:30,0
DA:41,0
DA:45,0
DA:51,0
DA:55,0
DA:67,0
DA:71,0
DA:82,0
DA:86,0
DA:87,0
DA:93,0
DA:94,0
DA:100,0
DA:104,0
DA:115,0
DA:119,0
DA:125,0
DA:129,0
LF:28
LH:0
BRF:0
BRH:0
end_of_record
TN:
SF:src\minio\minio.service.ts
FN:11,(anonymous_2)
FN:15,(anonymous_3)
FN:28,(anonymous_4)
FN:61,(anonymous_5)
FN:88,(anonymous_6)
FN:97,(anonymous_7)
FN:107,(anonymous_8)
FN:112,(anonymous_9)
FN:113,(anonymous_10)
FN:115,(anonymous_11)
FN:123,(anonymous_12)
FN:132,(anonymous_13)
FN:151,(anonymous_14)
FN:170,(anonymous_15)
FNF:14
FNH:0
FNDA:0,(anonymous_2)
FNDA:0,(anonymous_3)
FNDA:0,(anonymous_4)
FNDA:0,(anonymous_5)
FNDA:0,(anonymous_6)
FNDA:0,(anonymous_7)
FNDA:0,(anonymous_8)
FNDA:0,(anonymous_9)
FNDA:0,(anonymous_10)
FNDA:0,(anonymous_11)
FNDA:0,(anonymous_12)
FNDA:0,(anonymous_13)
FNDA:0,(anonymous_14)
FNDA:0,(anonymous_15)
DA:1,0
DA:2,0
DA:3,0
DA:6,0
DA:7,0
DA:11,0
DA:12,0
DA:16,0
DA:24,0
DA:25,0
DA:29,0
DA:30,0
DA:31,0
DA:32,0
DA:33,0
DA:36,0
DA:53,0
DA:54,0
DA:57,0
DA:66,0
DA:67,0
DA:69,0
DA:80,0
DA:81,0
DA:83,0
DA:84,0
DA:89,0
DA:90,0
DA:92,0
DA:93,0
DA:98,0
DA:99,0
DA:100,0
DA:102,0
DA:103,0
DA:108,0
DA:109,0
DA:110,0
DA:112,0
DA:113,0
DA:114,0
DA:115,0
DA:118,0
DA:119,0
DA:124,0
DA:125,0
DA:127,0
DA:128,0
DA:136,0
DA:137,0
DA:138,0
DA:144,0
DA:146,0
DA:147,0
DA:152,0
DA:155,0
DA:156,0
DA:163,0
DA:165,0
DA:166,0
DA:171,0
DA:172,0
DA:173,0
DA:174,0
DA:178,0
DA:184,0
DA:185,0
LF:67
LH:0
BRDA:31,0,0,0
BRDA:88,1,0,0
BRDA:107,2,0,0
BRDA:107,3,0,0
BRDA:173,4,0,0
BRF:5
BRH:0
end_of_record
TN:
SF:src\operations\operations.controller.ts
FN:14,(anonymous_4)
FN:19,(anonymous_5)
FN:27,(anonymous_6)
FN:37,(anonymous_7)
FN:51,(anonymous_8)
FN:59,(anonymous_9)
FN:68,(anonymous_10)
FN:76,(anonymous_11)
FN:87,(anonymous_12)
FN:98,(anonymous_13)
FN:109,(anonymous_14)
FN:120,(anonymous_15)
FN:130,(anonymous_16)
FN:140,(anonymous_17)
FN:151,(anonymous_18)
FN:162,(anonymous_19)
FN:172,(anonymous_20)
FN:179,(anonymous_21)
FN:186,(anonymous_22)
FN:193,(anonymous_23)
FN:200,(anonymous_24)
FN:207,(anonymous_25)
FN:214,(anonymous_26)
FN:224,(anonymous_27)
FN:234,(anonymous_28)
FN:241,(anonymous_29)
FN:254,(anonymous_30)
FN:261,(anonymous_31)
FN:268,(anonymous_32)
FN:275,(anonymous_33)
FN:285,(anonymous_34)
FN:295,(anonymous_35)
FN:302,(anonymous_36)
FN:312,(anonymous_37)
FN:327,(anonymous_38)
FN:334,(anonymous_39)
FNF:36
FNH:0
FNDA:0,(anonymous_4)
FNDA:0,(anonymous_5)
FNDA:0,(anonymous_6)
FNDA:0,(anonymous_7)
FNDA:0,(anonymous_8)
FNDA:0,(anonymous_9)
FNDA:0,(anonymous_10)
FNDA:0,(anonymous_11)
FNDA:0,(anonymous_12)
FNDA:0,(anonymous_13)
FNDA:0,(anonymous_14)
FNDA:0,(anonymous_15)
FNDA:0,(anonymous_16)
FNDA:0,(anonymous_17)
FNDA:0,(anonymous_18)
FNDA:0,(anonymous_19)
FNDA:0,(anonymous_20)
FNDA:0,(anonymous_21)
FNDA:0,(anonymous_22)
FNDA:0,(anonymous_23)
FNDA:0,(anonymous_24)
FNDA:0,(anonymous_25)
FNDA:0,(anonymous_26)
FNDA:0,(anonymous_27)
FNDA:0,(anonymous_28)
FNDA:0,(anonymous_29)
FNDA:0,(anonymous_30)
FNDA:0,(anonymous_31)
FNDA:0,(anonymous_32)
FNDA:0,(anonymous_33)
FNDA:0,(anonymous_34)
FNDA:0,(anonymous_35)
FNDA:0,(anonymous_36)
FNDA:0,(anonymous_37)
FNDA:0,(anonymous_38)
FNDA:0,(anonymous_39)
DA:1,0
DA:2,0
DA:3,0
DA:4,0
DA:5,0
DA:6,0
DA:7,0
DA:13,0
DA:14,0
DA:19,0
DA:23,0
DA:27,0
DA:31,0
DA:37,0
DA:44,0
DA:45,0
DA:51,0
DA:55,0
DA:59,0
DA:64,0
DA:68,0
DA:72,0
DA:76,0
DA:81,0
DA:87,0
DA:92,0
DA:98,0
DA:103,0
DA:109,0
DA:114,0
DA:120,0
DA:124,0
DA:130,0
DA:134,0
DA:140,0
DA:145,0
DA:151,0
DA:156,0
DA:162,0
DA:166,0
DA:172,0
DA:173,0
DA:179,0
DA:180,0
DA:186,0
DA:187,0
DA:193,0
DA:194,0
DA:200,0
DA:201,0
DA:207,0
DA:208,0
DA:214,0
DA:218,0
DA:224,0
DA:228,0
DA:234,0
DA:235,0
DA:241,0
DA:246,0
DA:247,0
DA:248,0
DA:254,0
DA:255,0
DA:261,0
DA:262,0
DA:268,0
DA:269,0
DA:275,0
DA:279,0
DA:285,0
DA:289,0
DA:295,0
DA:296,0
DA:302,0
DA:306,0
DA:312,0
DA:320,0
DA:321,0
DA:327,0
DA:328,0
DA:334,0
DA:335,0
LF:83
LH:0
BRDA:246,0,0,0
BRDA:246,0,1,0
BRDA:247,1,0,0
BRDA:247,1,1,0
BRF:4
BRH:0
end_of_record
TN:
SF:src\permits\permits.controller.ts
FN:37,(anonymous_4)
FN:67,(anonymous_5)
FN:139,(anonymous_6)
FN:176,(anonymous_7)
FN:219,(anonymous_8)
FN:266,(anonymous_9)
FN:294,(anonymous_10)
FN:336,(anonymous_11)
FN:375,(anonymous_12)
FN:414,(anonymous_13)
FN:453,(anonymous_14)
FN:521,(anonymous_15)
FN:590,(anonymous_16)
FN:619,(anonymous_17)
FNF:14
FNH:0
FNDA:0,(anonymous_4)
FNDA:0,(anonymous_5)
FNDA:0,(anonymous_6)
FNDA:0,(anonymous_7)
FNDA:0,(anonymous_8)
FNDA:0,(anonymous_9)
FNDA:0,(anonymous_10)
FNDA:0,(anonymous_11)
FNDA:0,(anonymous_12)
FNDA:0,(anonymous_13)
FNDA:0,(anonymous_14)
FNDA:0,(anonymous_15)
FNDA:0,(anonymous_16)
FNDA:0,(anonymous_17)
DA:1,0
DA:19,0
DA:20,0
DA:21,0
DA:22,0
DA:23,0
DA:24,0
DA:25,0
DA:26,0
DA:27,0
DA:28,0
DA:29,0
DA:30,0
DA:36,0
DA:37,0
DA:67,0
DA:68,0
DA:69,0
DA:70,0
DA:74,0
DA:75,0
DA:77,0
DA:78,0
DA:81,0
DA:82,0
DA:85,0
DA:92,0
DA:93,0
DA:95,0
DA:96,0
DA:139,0
DA:140,0
DA:141,0
DA:143,0
DA:144,0
DA:176,0
DA:177,0
DA:178,0
DA:180,0
DA:181,0
DA:219,0
DA:220,0
DA:221,0
DA:223,0
DA:224,0
DA:227,0
DA:229,0
DA:230,0
DA:232,0
DA:233,0
DA:266,0
DA:267,0
DA:268,0
DA:269,0
DA:272,0
DA:274,0
DA:275,0
DA:277,0
DA:278,0
DA:294,0
DA:295,0
DA:296,0
DA:297,0
DA:300,0
DA:301,0
DA:305,0
DA:306,0
DA:307,0
DA:309,0
DA:310,0
DA:314,0
DA:316,0
DA:317,0
DA:319,0
DA:320,0
DA:336,0
DA:337,0
DA:338,0
DA:339,0
DA:342,0
DA:343,0
DA:345,0
DA:346,0
DA:348,0
DA:349,0
DA:375,0
DA:376,0
DA:377,0
DA:378,0
DA:381,0
DA:383,0
DA:384,0
DA:386,0
DA:387,0
DA:414,0
DA:415,0
DA:416,0
DA:417,0
DA:420,0
DA:422,0
DA:423,0
DA:425,0
DA:426,0
DA:453,0
DA:454,0
DA:455,0
DA:456,0
DA:459,0
DA:460,0
DA:463,0
DA:465,0
DA:466,0
DA:468,0
DA:469,0
DA:521,0
DA:533,0
DA:534,0
DA:535,0
DA:538,0
DA:539,0
DA:542,0
DA:543,0
DA:547,0
DA:548,0
DA:549,0
DA:552,0
DA:554,0
DA:555,0
DA:557,0
DA:558,0
DA:590,0
DA:591,0
DA:592,0
DA:593,0
DA:596,0
DA:598,0
DA:599,0
DA:601,0
DA:602,0
DA:619,0
DA:620,0
DA:621,0
DA:622,0
DA:625,0
DA:626,0
DA:629,0
DA:630,0
DA:632,0
DA:633,0
DA:635,0
DA:636,0
LF:151
LH:0
BRDA:69,0,0,0
BRDA:77,1,0,0
BRDA:81,2,0,0
BRDA:92,3,0,0
BRDA:219,4,0,0
BRDA:221,5,0,0
BRDA:221,5,1,0
BRDA:223,6,0,0
BRDA:223,7,0,0
BRDA:223,7,1,0
BRDA:229,8,0,0
BRDA:268,9,0,0
BRDA:274,10,0,0
BRDA:296,11,0,0
BRDA:300,12,0,0
BRDA:300,13,0,0
BRDA:300,13,1,0
BRDA:305,14,0,0
BRDA:305,15,0,0
BRDA:305,15,1,0
BRDA:309,16,0,0
BRDA:316,17,0,0
BRDA:338,18,0,0
BRDA:345,19,0,0
BRDA:377,20,0,0
BRDA:383,21,0,0
BRDA:416,22,0,0
BRDA:422,23,0,0
BRDA:455,24,0,0
BRDA:459,25,0,0
BRDA:465,26,0,0
BRDA:534,27,0,0
BRDA:538,28,0,0
BRDA:542,29,0,0
BRDA:548,30,0,0
BRDA:554,31,0,0
BRDA:592,32,0,0
BRDA:598,33,0,0
BRDA:621,34,0,0
BRDA:625,35,0,0
BRDA:632,36,0,0
BRF:41
BRH:0
end_of_record
TN:
SF:src\projects\projects.service.ts
FN:9,(anonymous_2)
FN:11,(anonymous_3)
FN:79,(anonymous_4)
FN:126,(anonymous_5)
FN:190,(anonymous_6)
FN:268,(anonymous_7)
FN:296,(anonymous_8)
FN:345,(anonymous_9)
FN:376,(anonymous_10)
FNF:9
FNH:0
FNDA:0,(anonymous_2)
FNDA:0,(anonymous_3)
FNDA:0,(anonymous_4)
FNDA:0,(anonymous_5)
FNDA:0,(anonymous_6)
FNDA:0,(anonymous_7)
FNDA:0,(anonymous_8)
FNDA:0,(anonymous_9)
FNDA:0,(anonymous_10)
DA:1,0
DA:2,0
DA:3,0
DA:6,0
DA:7,0
DA:9,0
DA:22,0
DA:23,0
DA:24,0
DA:28,0
DA:29,0
DA:32,0
DA:33,0
DA:37,0
DA:38,0
DA:41,0
DA:42,0
DA:46,0
DA:47,0
DA:50,0
DA:68,0
DA:69,0
DA:71,0
DA:72,0
DA:74,0
DA:75,0
DA:80,0
DA:81,0
DA:82,0
DA:85,0
DA:88,0
DA:89,0
DA:101,0
DA:115,0
DA:116,0
DA:118,0
DA:119,0
DA:121,0
DA:122,0
DA:127,0
DA:128,0
DA:129,0
DA:132,0
DA:135,0
DA:136,0
DA:148,0
DA:175,0
DA:176,0
DA:179,0
DA:180,0
DA:182,0
DA:183,0
DA:185,0
DA:186,0
DA:206,0
DA:207,0
DA:208,0
DA:212,0
DA:215,0
DA:216,0
DA:220,0
DA:221,0
DA:222,0
DA:224,0
DA:225,0
DA:230,0
DA:231,0
DA:232,0
DA:234,0
DA:235,0
DA:239,0
DA:240,0
DA:243,0
DA:244,0
DA:248,0
DA:249,0
DA:252,0
DA:257,0
DA:258,0
DA:260,0
DA:261,0
DA:263,0
DA:264,0
DA:269,0
DA:270,0
DA:271,0
DA:275,0
DA:278,0
DA:279,0
DA:282,0
DA:286,0
DA:288,0
DA:289,0
DA:291,0
DA:292,0
DA:303,0
DA:304,0
DA:305,0
DA:314,0
DA:326,0
DA:328,0
DA:329,0
DA:337,0
DA:338,0
DA:340,0
DA:341,0
DA:346,0
DA:347,0
DA:348,0
DA:351,0
DA:365,0
DA:366,0
DA:368,0
DA:369,0
DA:371,0
DA:372,0
DA:377,0
DA:378,0
DA:379,0
DA:382,0
DA:383,0
DA:385,0
DA:407,0
DA:408,0
DA:410,0
DA:411,0
DA:413,0
DA:414,0
LF:128
LH:0
BRDA:23,0,0,0
BRDA:23,1,0,0
BRDA:23,1,1,0
BRDA:23,1,2,0
BRDA:23,1,3,0
BRDA:23,1,4,0
BRDA:28,2,0,0
BRDA:32,3,0,0
BRDA:37,4,0,0
BRDA:37,5,0,0
BRDA:37,5,1,0
BRDA:37,5,2,0
BRDA:41,6,0,0
BRDA:41,7,0,0
BRDA:41,7,1,0
BRDA:41,7,2,0
BRDA:46,8,0,0
BRDA:46,9,0,0
BRDA:46,9,1,0
BRDA:71,10,0,0
BRDA:81,11,0,0
BRDA:81,12,0,0
BRDA:81,12,1,0
BRDA:88,13,0,0
BRDA:118,14,0,0
BRDA:128,15,0,0
BRDA:128,16,0,0
BRDA:128,16,1,0
BRDA:128,16,2,0
BRDA:135,17,0,0
BRDA:175,18,0,0
BRDA:182,19,0,0
BRDA:182,20,0,0
BRDA:182,20,1,0
BRDA:207,21,0,0
BRDA:207,22,0,0
BRDA:207,22,1,0
BRDA:207,22,2,0
BRDA:215,23,0,0
BRDA:220,24,0,0
BRDA:220,25,0,0
BRDA:220,25,1,0
BRDA:224,26,0,0
BRDA:231,27,0,0
BRDA:234,28,0,0
BRDA:239,29,0,0
BRDA:239,30,0,0
BRDA:239,30,1,0
BRDA:239,30,2,0
BRDA:243,31,0,0
BRDA:243,32,0,0
BRDA:243,32,1,0
BRDA:243,32,2,0
BRDA:248,33,0,0
BRDA:248,34,0,0
BRDA:248,34,1,0
BRDA:260,35,0,0
BRDA:260,36,0,0
BRDA:260,36,1,0
BRDA:270,37,0,0
BRDA:270,38,0,0
BRDA:270,38,1,0
BRDA:270,38,2,0
BRDA:278,39,0,0
BRDA:288,40,0,0
BRDA:288,41,0,0
BRDA:288,41,1,0
BRDA:304,42,0,0
BRDA:326,43,0,0
BRDA:326,43,1,0
BRDA:337,44,0,0
BRDA:347,45,0,0
BRDA:347,46,0,0
BRDA:347,46,1,0
BRDA:368,47,0,0
BRDA:376,48,0,0
BRDA:378,49,0,0
BRDA:378,50,0,0
BRDA:378,50,1,0
BRDA:410,51,0,0
BRF:80
BRH:0
end_of_record
TN:
SF:src\reports\reports.controller.ts
FN:25,(anonymous_4)
FN:30,(anonymous_5)
FN:37,(anonymous_6)
FN:48,(anonymous_7)
FN:55,(anonymous_8)
FN:62,(anonymous_9)
FN:69,(anonymous_10)
FN:76,(anonymous_11)
FN:87,(anonymous_12)
FN:98,(anonymous_13)
FN:108,(anonymous_14)
FN:117,(anonymous_15)
FN:126,(anonymous_16)
FN:136,(anonymous_17)
FN:147,(anonymous_18)
FN:154,(anonymous_19)
FN:164,(anonymous_20)
FN:175,(anonymous_21)
FN:186,(anonymous_22)
FN:195,(anonymous_23)
FN:205,(anonymous_24)
FN:214,(anonymous_25)
FN:223,(anonymous_26)
FN:233,(anonymous_27)
FN:242,(anonymous_28)
FN:253,(anonymous_29)
FN:265,(anonymous_30)
FN:275,(anonymous_31)
FN:286,(anonymous_32)
FN:296,(anonymous_33)
FN:306,(anonymous_34)
FN:317,(anonymous_35)
FN:327,(anonymous_36)
FN:337,(anonymous_37)
FN:348,(anonymous_38)
FN:358,(anonymous_39)
FN:368,(anonymous_40)
FN:384,(anonymous_41)
FN:391,(anonymous_42)
FN:398,(anonymous_43)
FN:405,(anonymous_44)
FN:412,(anonymous_45)
FN:419,(anonymous_46)
FN:430,(anonymous_47)
FN:440,(anonymous_48)
FN:447,(anonymous_49)
FNF:46
FNH:0
FNDA:0,(anonymous_4)
FNDA:0,(anonymous_5)
FNDA:0,(anonymous_6)
FNDA:0,(anonymous_7)
FNDA:0,(anonymous_8)
FNDA:0,(anonymous_9)
FNDA:0,(anonymous_10)
FNDA:0,(anonymous_11)
FNDA:0,(anonymous_12)
FNDA:0,(anonymous_13)
FNDA:0,(anonymous_14)
FNDA:0,(anonymous_15)
FNDA:0,(anonymous_16)
FNDA:0,(anonymous_17)
FNDA:0,(anonymous_18)
FNDA:0,(anonymous_19)
FNDA:0,(anonymous_20)
FNDA:0,(anonymous_21)
FNDA:0,(anonymous_22)
FNDA:0,(anonymous_23)
FNDA:0,(anonymous_24)
FNDA:0,(anonymous_25)
FNDA:0,(anonymous_26)
FNDA:0,(anonymous_27)
FNDA:0,(anonymous_28)
FNDA:0,(anonymous_29)
FNDA:0,(anonymous_30)
FNDA:0,(anonymous_31)
FNDA:0,(anonymous_32)
FNDA:0,(anonymous_33)
FNDA:0,(anonymous_34)
FNDA:0,(anonymous_35)
FNDA:0,(anonymous_36)
FNDA:0,(anonymous_37)
FNDA:0,(anonymous_38)
FNDA:0,(anonymous_39)
FNDA:0,(anonymous_40)
FNDA:0,(anonymous_41)
FNDA:0,(anonymous_42)
FNDA:0,(anonymous_43)
FNDA:0,(anonymous_44)
FNDA:0,(anonymous_45)
FNDA:0,(anonymous_46)
FNDA:0,(anonymous_47)
FNDA:0,(anonymous_48)
FNDA:0,(anonymous_49)
DA:1,0
DA:13,0
DA:14,0
DA:15,0
DA:16,0
DA:17,0
DA:18,0
DA:24,0
DA:25,0
DA:30,0
DA:31,0
DA:37,0
DA:42,0
DA:48,0
DA:49,0
DA:55,0
DA:56,0
DA:62,0
DA:63,0
DA:69,0
DA:70,0
DA:76,0
DA:81,0
DA:87,0
DA:92,0
DA:98,0
DA:102,0
DA:108,0
DA:111,0
DA:117,0
DA:120,0
DA:126,0
DA:130,0
DA:136,0
DA:141,0
DA:147,0
DA:148,0
DA:154,0
DA:158,0
DA:164,0
DA:169,0
DA:175,0
DA:180,0
DA:186,0
DA:189,0
DA:195,0
DA:199,0
DA:205,0
DA:208,0
DA:214,0
DA:217,0
DA:223,0
DA:227,0
DA:233,0
DA:236,0
DA:242,0
DA:247,0
DA:253,0
DA:259,0
DA:265,0
DA:269,0
DA:275,0
DA:280,0
DA:286,0
DA:290,0
DA:296,0
DA:300,0
DA:306,0
DA:311,0
DA:317,0
DA:321,0
DA:327,0
DA:331,0
DA:337,0
DA:342,0
DA:348,0
DA:352,0
DA:358,0
DA:362,0
DA:368,0
DA:375,0
DA:376,0
DA:377,0
DA:378,0
DA:384,0
DA:385,0
DA:391,0
DA:392,0
DA:398,0
DA:399,0
DA:405,0
DA:406,0
DA:412,0
DA:413,0
DA:419,0
DA:424,0
DA:430,0
DA:434,0
DA:440,0
DA:441,0
DA:447,0
DA:452,0
LF:102
LH:0
BRDA:371,0,0,0
BRF:1
BRH:0
end_of_record
TN:
SF:src\reports\reports.service.ts
FN:9,(anonymous_2)
FN:13,(anonymous_3)
FN:21,(anonymous_4)
FN:25,(anonymous_5)
FN:26,(anonymous_6)
FN:27,(anonymous_7)
FN:28,(anonymous_8)
FN:37,(anonymous_9)
FN:42,(anonymous_10)
FN:48,(anonymous_11)
FN:83,(anonymous_12)
FN:85,(anonymous_13)
FN:89,(anonymous_14)
FN:91,(anonymous_15)
FN:97,(anonymous_16)
FN:133,(anonymous_17)
FN:137,(anonymous_18)
FN:140,(anonymous_19)
FN:148,(anonymous_20)
FN:170,(anonymous_21)
FN:171,(anonymous_22)
FN:172,(anonymous_23)
FN:173,(anonymous_24)
FN:174,(anonymous_25)
FN:180,(anonymous_26)
FN:202,(anonymous_27)
FN:203,(anonymous_28)
FN:204,(anonymous_29)
FN:205,(anonymous_30)
FN:211,(anonymous_31)
FN:233,(anonymous_32)
FN:234,(anonymous_33)
FN:235,(anonymous_34)
FN:236,(anonymous_35)
FN:242,(anonymous_36)
FN:263,(anonymous_37)
FN:264,(anonymous_38)
FN:265,(anonymous_39)
FN:266,(anonymous_40)
FN:272,(anonymous_41)
FN:294,(anonymous_42)
FN:297,(anonymous_43)
FN:298,(anonymous_44)
FN:304,(anonymous_45)
FN:325,(anonymous_46)
FN:326,(anonymous_47)
FN:327,(anonymous_48)
FN:335,(anonymous_49)
FN:361,(anonymous_50)
FN:362,(anonymous_51)
FN:363,(anonymous_52)
FN:364,(anonymous_53)
FN:364,(anonymous_54)
FN:370,(anonymous_55)
FN:392,(anonymous_56)
FN:393,(anonymous_57)
FN:394,(anonymous_58)
FN:395,(anonymous_59)
FN:396,(anonymous_60)
FN:399,(anonymous_61)
FN:400,(anonymous_62)
FN:407,(anonymous_63)
FN:464,(anonymous_64)
FN:473,(anonymous_65)
FN:474,(anonymous_66)
FN:475,(anonymous_67)
FN:479,(anonymous_68)
FN:492,(anonymous_69)
FN:493,(anonymous_70)
FN:494,(anonymous_71)
FN:499,(anonymous_72)
FN:512,(anonymous_73)
FN:513,(anonymous_74)
FN:518,(anonymous_75)
FN:530,(anonymous_76)
FN:542,(anonymous_77)
FN:554,(anonymous_78)
FN:566,(anonymous_79)
FN:582,(anonymous_80)
FN:594,(anonymous_81)
FN:601,(anonymous_82)
FN:608,(anonymous_83)
FN:615,(anonymous_84)
FN:622,(anonymous_85)
FN:629,(anonymous_86)
FN:641,(anonymous_87)
FN:652,(anonymous_88)
FN:662,(anonymous_89)
FN:674,(anonymous_90)
FN:684,(anonymous_91)
FN:708,(anonymous_92)
FN:712,(anonymous_93)
FN:727,(anonymous_94)
FN:737,(anonymous_95)
FN:747,(anonymous_96)
FN:757,(anonymous_97)
FN:767,(anonymous_98)
FN:777,(anonymous_99)
FN:787,(anonymous_100)
FN:797,(anonymous_101)
FN:806,(anonymous_102)
FN:815,(anonymous_103)
FN:825,(anonymous_104)
FN:835,(anonymous_105)
FN:845,(anonymous_106)
FN:855,(anonymous_107)
FN:865,(anonymous_108)
FN:875,(anonymous_109)
FN:884,(anonymous_110)
FN:894,(anonymous_111)
FN:903,(anonymous_112)
FN:912,(anonymous_113)
FN:922,(anonymous_114)
FN:931,(anonymous_115)
FN:940,(anonymous_116)
FN:950,(anonymous_117)
FN:960,(anonymous_118)
FN:970,(anonymous_119)
FN:1056,(anonymous_120)
FN:1062,(anonymous_121)
FN:1068,(anonymous_122)
FN:1093,(anonymous_123)
FN:1101,(anonymous_124)
FN:1122,(anonymous_125)
FN:1129,(anonymous_126)
FN:1135,(anonymous_127)
FN:1143,(anonymous_128)
FN:1150,(anonymous_129)
FN:1156,(anonymous_130)
FN:1164,(anonymous_131)
FN:1171,(anonymous_132)
FN:1180,(anonymous_133)
FN:1188,(anonymous_134)
FN:1195,(anonymous_135)
FN:1201,(anonymous_136)
FN:1209,(anonymous_137)
FN:1218,(anonymous_138)
FN:1219,(anonymous_139)
FN:1220,(anonymous_140)
FN:1226,(anonymous_141)
FN:1235,(anonymous_142)
FN:1248,(anonymous_143)
FN:1251,(anonymous_144)
FN:1253,(anonymous_145)
FN:1258,(anonymous_146)
FN:1261,(anonymous_147)
FN:1263,(anonymous_148)
FN:1267,(anonymous_149)
FN:1268,(anonymous_150)
FN:1269,(anonymous_151)
FN:1274,(anonymous_152)
FN:1275,(anonymous_153)
FN:1276,(anonymous_154)
FN:1281,(anonymous_155)
FN:1298,(anonymous_156)
FN:1301,(anonymous_157)
FN:1319,(anonymous_158)
FN:1322,(anonymous_159)
FN:1323,(anonymous_160)
FN:1329,(anonymous_161)
FN:1335,(anonymous_162)
FN:1342,(anonymous_163)
FN:1343,(anonymous_164)
FN:1344,(anonymous_165)
FN:1348,(anonymous_166)
FN:1352,(anonymous_167)
FN:1367,(anonymous_168)
FNF:167
FNH:0
FNDA:0,(anonymous_2)
FNDA:0,(anonymous_3)
FNDA:0,(anonymous_4)
FNDA:0,(anonymous_5)
FNDA:0,(anonymous_6)
FNDA:0,(anonymous_7)
FNDA:0,(anonymous_8)
FNDA:0,(anonymous_9)
FNDA:0,(anonymous_10)
FNDA:0,(anonymous_11)
FNDA:0,(anonymous_12)
FNDA:0,(anonymous_13)
FNDA:0,(anonymous_14)
FNDA:0,(anonymous_15)
FNDA:0,(anonymous_16)
FNDA:0,(anonymous_17)
FNDA:0,(anonymous_18)
FNDA:0,(anonymous_19)
FNDA:0,(anonymous_20)
FNDA:0,(anonymous_21)
FNDA:0,(anonymous_22)
FNDA:0,(anonymous_23)
FNDA:0,(anonymous_24)
FNDA:0,(anonymous_25)
FNDA:0,(anonymous_26)
FNDA:0,(anonymous_27)
FNDA:0,(anonymous_28)
FNDA:0,(anonymous_29)
FNDA:0,(anonymous_30)
FNDA:0,(anonymous_31)
FNDA:0,(anonymous_32)
FNDA:0,(anonymous_33)
FNDA:0,(anonymous_34)
FNDA:0,(anonymous_35)
FNDA:0,(anonymous_36)
FNDA:0,(anonymous_37)
FNDA:0,(anonymous_38)
FNDA:0,(anonymous_39)
FNDA:0,(anonymous_40)
FNDA:0,(anonymous_41)
FNDA:0,(anonymous_42)
FNDA:0,(anonymous_43)
FNDA:0,(anonymous_44)
FNDA:0,(anonymous_45)
FNDA:0,(anonymous_46)
FNDA:0,(anonymous_47)
FNDA:0,(anonymous_48)
FNDA:0,(anonymous_49)
FNDA:0,(anonymous_50)
FNDA:0,(anonymous_51)
FNDA:0,(anonymous_52)
FNDA:0,(anonymous_53)
FNDA:0,(anonymous_54)
FNDA:0,(anonymous_55)
FNDA:0,(anonymous_56)
FNDA:0,(anonymous_57)
FNDA:0,(anonymous_58)
FNDA:0,(anonymous_59)
FNDA:0,(anonymous_60)
FNDA:0,(anonymous_61)
FNDA:0,(anonymous_62)
FNDA:0,(anonymous_63)
FNDA:0,(anonymous_64)
FNDA:0,(anonymous_65)
FNDA:0,(anonymous_66)
FNDA:0,(anonymous_67)
FNDA:0,(anonymous_68)
FNDA:0,(anonymous_69)
FNDA:0,(anonymous_70)
FNDA:0,(anonymous_71)
FNDA:0,(anonymous_72)
FNDA:0,(anonymous_73)
FNDA:0,(anonymous_74)
FNDA:0,(anonymous_75)
FNDA:0,(anonymous_76)
FNDA:0,(anonymous_77)
FNDA:0,(anonymous_78)
FNDA:0,(anonymous_79)
FNDA:0,(anonymous_80)
FNDA:0,(anonymous_81)
FNDA:0,(anonymous_82)
FNDA:0,(anonymous_83)
FNDA:0,(anonymous_84)
FNDA:0,(anonymous_85)
FNDA:0,(anonymous_86)
FNDA:0,(anonymous_87)
FNDA:0,(anonymous_88)
FNDA:0,(anonymous_89)
FNDA:0,(anonymous_90)
FNDA:0,(anonymous_91)
FNDA:0,(anonymous_92)
FNDA:0,(anonymous_93)
FNDA:0,(anonymous_94)
FNDA:0,(anonymous_95)
FNDA:0,(anonymous_96)
FNDA:0,(anonymous_97)
FNDA:0,(anonymous_98)
FNDA:0,(anonymous_99)
FNDA:0,(anonymous_100)
FNDA:0,(anonymous_101)
FNDA:0,(anonymous_102)
FNDA:0,(anonymous_103)
FNDA:0,(anonymous_104)
FNDA:0,(anonymous_105)
FNDA:0,(anonymous_106)
FNDA:0,(anonymous_107)
FNDA:0,(anonymous_108)
FNDA:0,(anonymous_109)
FNDA:0,(anonymous_110)
FNDA:0,(anonymous_111)
FNDA:0,(anonymous_112)
FNDA:0,(anonymous_113)
FNDA:0,(anonymous_114)
FNDA:0,(anonymous_115)
FNDA:0,(anonymous_116)
FNDA:0,(anonymous_117)
FNDA:0,(anonymous_118)
FNDA:0,(anonymous_119)
FNDA:0,(anonymous_120)
FNDA:0,(anonymous_121)
FNDA:0,(anonymous_122)
FNDA:0,(anonymous_123)
FNDA:0,(anonymous_124)
FNDA:0,(anonymous_125)
FNDA:0,(anonymous_126)
FNDA:0,(anonymous_127)
FNDA:0,(anonymous_128)
FNDA:0,(anonymous_129)
FNDA:0,(anonymous_130)
FNDA:0,(anonymous_131)
FNDA:0,(anonymous_132)
FNDA:0,(anonymous_133)
FNDA:0,(anonymous_134)
FNDA:0,(anonymous_135)
FNDA:0,(anonymous_136)
FNDA:0,(anonymous_137)
FNDA:0,(anonymous_138)
FNDA:0,(anonymous_139)
FNDA:0,(anonymous_140)
FNDA:0,(anonymous_141)
FNDA:0,(anonymous_142)
FNDA:0,(anonymous_143)
FNDA:0,(anonymous_144)
FNDA:0,(anonymous_145)
FNDA:0,(anonymous_146)
FNDA:0,(anonymous_147)
FNDA:0,(anonymous_148)
FNDA:0,(anonymous_149)
FNDA:0,(anonymous_150)
FNDA:0,(anonymous_151)
FNDA:0,(anonymous_152)
FNDA:0,(anonymous_153)
FNDA:0,(anonymous_154)
FNDA:0,(anonymous_155)
FNDA:0,(anonymous_156)
FNDA:0,(anonymous_157)
FNDA:0,(anonymous_158)
FNDA:0,(anonymous_159)
FNDA:0,(anonymous_160)
FNDA:0,(anonymous_161)
FNDA:0,(anonymous_162)
FNDA:0,(anonymous_163)
FNDA:0,(anonymous_164)
FNDA:0,(anonymous_165)
FNDA:0,(anonymous_166)
FNDA:0,(anonymous_167)
FNDA:0,(anonymous_168)
DA:1,0
DA:2,0
DA:3,0
DA:6,0
DA:7,0
DA:10,0
DA:14,0
DA:16,0
DA:20,0
DA:21,0
DA:23,0
DA:25,0
DA:26,0
DA:27,0
DA:28,0
DA:33,0
DA:34,0
DA:37,0
DA:39,0
DA:42,0
DA:45,0
DA:49,0
DA:51,0
DA:53,0
DA:59,0
DA:60,0
DA:64,0
DA:77,0
DA:78,0
DA:81,0
DA:83,0
DA:85,0
DA:89,0
DA:91,0
DA:94,0
DA:98,0
DA:100,0
DA:101,0
DA:104,0
DA:106,0
DA:107,0
DA:116,0
DA:117,0
DA:120,0
DA:121,0
DA:124,0
DA:133,0
DA:137,0
DA:140,0
DA:145,0
DA:149,0
DA:151,0
DA:152,0
DA:155,0
DA:156,0
DA:160,0
DA:168,0
DA:170,0
DA:171,0
DA:172,0
DA:173,0
DA:174,0
DA:177,0
DA:181,0
DA:183,0
DA:184,0
DA:187,0
DA:188,0
DA:192,0
DA:200,0
DA:202,0
DA:203,0
DA:204,0
DA:205,0
DA:208,0
DA:212,0
DA:214,0
DA:215,0
DA:218,0
DA:219,0
DA:223,0
DA:231,0
DA:233,0
DA:234,0
DA:235,0
DA:236,0
DA:239,0
DA:243,0
DA:245,0
DA:246,0
DA:249,0
DA:250,0
DA:254,0
DA:261,0
DA:263,0
DA:264,0
DA:265,0
DA:266,0
DA:269,0
DA:273,0
DA:275,0
DA:276,0
DA:279,0
DA:280,0
DA:284,0
DA:292,0
DA:295,0
DA:297,0
DA:298,0
DA:301,0
DA:305,0
DA:307,0
DA:308,0
DA:311,0
DA:312,0
DA:316,0
DA:323,0
DA:325,0
DA:326,0
DA:328,0
DA:332,0
DA:336,0
DA:338,0
DA:339,0
DA:342,0
DA:343,0
DA:347,0
DA:355,0
DA:356,0
DA:359,0
DA:361,0
DA:362,0
DA:363,0
DA:364,0
DA:367,0
DA:371,0
DA:373,0
DA:374,0
DA:377,0
DA:378,0
DA:382,0
DA:390,0
DA:392,0
DA:393,0
DA:394,0
DA:396,0
DA:400,0
DA:404,0
DA:408,0
DA:412,0
DA:414,0
DA:415,0
DA:417,0
DA:418,0
DA:420,0
DA:421,0
DA:423,0
DA:424,0
DA:426,0
DA:427,0
DA:429,0
DA:430,0
DA:432,0
DA:433,0
DA:435,0
DA:436,0
DA:438,0
DA:439,0
DA:441,0
DA:442,0
DA:444,0
DA:445,0
DA:447,0
DA:451,0
DA:455,0
DA:458,0
DA:460,0
DA:465,0
DA:467,0
DA:471,0
DA:473,0
DA:474,0
DA:475,0
DA:480,0
DA:482,0
DA:487,0
DA:492,0
DA:493,0
DA:494,0
DA:500,0
DA:502,0
DA:507,0
DA:512,0
DA:513,0
DA:519,0
DA:521,0
DA:531,0
DA:533,0
DA:543,0
DA:545,0
DA:555,0
DA:557,0
DA:567,0
DA:569,0
DA:583,0
DA:585,0
DA:595,0
DA:598,0
DA:602,0
DA:605,0
DA:609,0
DA:612,0
DA:616,0
DA:619,0
DA:623,0
DA:626,0
DA:630,0
DA:633,0
DA:642,0
DA:645,0
DA:653,0
DA:656,0
DA:663,0
DA:666,0
DA:675,0
DA:678,0
DA:685,0
DA:687,0
DA:688,0
DA:689,0
DA:690,0
DA:692,0
DA:706,0
DA:709,0
DA:710,0
DA:713,0
DA:714,0
DA:716,0
DA:728,0
DA:731,0
DA:738,0
DA:741,0
DA:748,0
DA:751,0
DA:758,0
DA:761,0
DA:768,0
DA:771,0
DA:778,0
DA:781,0
DA:788,0
DA:791,0
DA:798,0
DA:801,0
DA:807,0
DA:810,0
DA:816,0
DA:819,0
DA:826,0
DA:829,0
DA:836,0
DA:839,0
DA:846,0
DA:849,0
DA:856,0
DA:859,0
DA:866,0
DA:869,0
DA:876,0
DA:879,0
DA:885,0
DA:888,0
DA:895,0
DA:898,0
DA:904,0
DA:907,0
DA:913,0
DA:916,0
DA:923,0
DA:926,0
DA:932,0
DA:935,0
DA:941,0
DA:944,0
DA:951,0
DA:954,0
DA:961,0
DA:964,0
DA:971,0
DA:973,0
DA:974,0
DA:975,0
DA:976,0
DA:983,0
DA:984,0
DA:990,0
DA:998,0
DA:1006,0
DA:1013,0
DA:1021,0
DA:1029,0
DA:1037,0
DA:1045,0
DA:1047,0
DA:1056,0
DA:1062,0
DA:1068,0
DA:1095,0
DA:1100,0
DA:1102,0
DA:1103,0
DA:1108,0
DA:1111,0
DA:1113,0
DA:1123,0
DA:1129,0
DA:1135,0
DA:1136,0
DA:1137,0
DA:1140,0
DA:1144,0
DA:1150,0
DA:1156,0
DA:1157,0
DA:1158,0
DA:1161,0
DA:1165,0
DA:1171,0
DA:1180,0
DA:1181,0
DA:1182,0
DA:1185,0
DA:1189,0
DA:1195,0
DA:1201,0
DA:1202,0
DA:1203,0
DA:1206,0
DA:1210,0
DA:1211,0
DA:1215,0
DA:1219,0
DA:1220,0
DA:1228,0
DA:1235,0
DA:1236,0
DA:1237,0
DA:1248,0
DA:1252,0
DA:1253,0
DA:1258,0
DA:1262,0
DA:1263,0
DA:1264,0
DA:1268,0
DA:1269,0
DA:1270,0
DA:1271,0
DA:1275,0
DA:1276,0
DA:1277,0
DA:1278,0
DA:1282,0
DA:1283,0
DA:1284,0
DA:1289,0
DA:1298,0
DA:1302,0
DA:1303,0
DA:1304,0
DA:1309,0
DA:1319,0
DA:1323,0
DA:1324,0
DA:1325,0
DA:1326,0
DA:1329,0
DA:1330,0
DA:1331,0
DA:1332,0
DA:1335,0
DA:1336,0
DA:1337,0
DA:1338,0
DA:1341,0
DA:1342,0
DA:1343,0
DA:1344,0
DA:1349,0
DA:1351,0
DA:1352,0
DA:1353,0
DA:1355,0
DA:1356,0
DA:1359,0
DA:1360,0
DA:1363,0
DA:1364,0
DA:1367,0
DA:1368,0
DA:1372,0
LF:401
LH:0
BRDA:16,0,0,0
BRDA:16,0,1,0
BRDA:28,1,0,0
BRDA:28,1,1,0
BRDA:33,2,0,0
BRDA:37,3,0,0
BRDA:37,3,1,0
BRDA:51,4,0,0
BRDA:59,5,0,0
BRDA:77,6,0,0
BRDA:86,7,0,0
BRDA:86,7,1,0
BRDA:86,8,0,0
BRDA:86,8,1,0
BRDA:91,9,0,0
BRDA:91,9,1,0
BRDA:91,9,2,0
BRDA:100,10,0,0
BRDA:106,11,0,0
BRDA:116,12,0,0
BRDA:120,13,0,0
BRDA:139,14,0,0
BRDA:139,14,1,0
BRDA:142,15,0,0
BRDA:142,15,1,0
BRDA:151,16,0,0
BRDA:155,17,0,0
BRDA:173,18,0,0
BRDA:173,18,1,0
BRDA:183,19,0,0
BRDA:187,20,0,0
BRDA:205,21,0,0
BRDA:205,21,1,0
BRDA:214,22,0,0
BRDA:218,23,0,0
BRDA:236,24,0,0
BRDA:236,24,1,0
BRDA:245,25,0,0
BRDA:249,26,0,0
BRDA:275,27,0,0
BRDA:279,28,0,0
BRDA:307,29,0,0
BRDA:311,30,0,0
BRDA:325,31,0,0
BRDA:325,31,1,0
BRDA:326,32,0,0
BRDA:326,32,1,0
BRDA:338,33,0,0
BRDA:342,34,0,0
BRDA:355,35,0,0
BRDA:360,36,0,0
BRDA:360,36,1,0
BRDA:361,37,0,0
BRDA:361,37,1,0
BRDA:362,38,0,0
BRDA:362,38,1,0
BRDA:363,39,0,0
BRDA:363,39,1,0
BRDA:363,40,0,0
BRDA:363,40,1,0
BRDA:364,41,0,0
BRDA:364,41,1,0
BRDA:364,42,0,0
BRDA:364,42,1,0
BRDA:373,43,0,0
BRDA:377,44,0,0
BRDA:398,45,0,0
BRDA:398,45,1,0
BRDA:412,46,0,0
BRDA:412,46,1,0
BRDA:412,46,2,0
BRDA:412,46,3,0
BRDA:412,46,4,0
BRDA:412,46,5,0
BRDA:412,46,6,0
BRDA:412,46,7,0
BRDA:412,46,8,0
BRDA:412,46,9,0
BRDA:412,46,10,0
BRDA:412,46,11,0
BRDA:451,47,0,0
BRDA:451,47,1,0
BRDA:452,48,0,0
BRDA:452,48,1,0
BRDA:513,49,0,0
BRDA:513,49,1,0
BRDA:653,50,0,0
BRDA:653,50,1,0
BRDA:675,51,0,0
BRDA:675,51,1,0
BRDA:684,52,0,0
BRDA:688,53,0,0
BRDA:689,54,0,0
BRDA:690,55,0,0
BRDA:709,56,0,0
BRDA:709,56,1,0
BRDA:713,57,0,0
BRDA:714,58,0,0
BRDA:714,58,1,0
BRDA:971,59,0,0
BRDA:971,59,1,0
BRDA:974,60,0,0
BRDA:975,61,0,0
BRDA:1050,62,0,0
BRDA:1050,62,1,0
BRDA:1059,63,0,0
BRDA:1059,63,1,0
BRDA:1065,64,0,0
BRDA:1065,64,1,0
BRDA:1100,65,0,0
BRDA:1100,65,1,0
BRDA:1215,66,0,0
BRDA:1215,66,1,0
BRDA:1256,67,0,0
BRDA:1256,67,1,0
BRDA:1262,68,0,0
BRDA:1270,69,0,0
BRDA:1270,70,0,0
BRDA:1270,70,1,0
BRDA:1277,71,0,0
BRDA:1277,72,0,0
BRDA:1277,72,1,0
BRDA:1291,73,0,0
BRDA:1291,73,1,0
BRDA:1292,74,0,0
BRDA:1292,74,1,0
BRDA:1293,75,0,0
BRDA:1293,75,1,0
BRDA:1295,76,0,0
BRDA:1295,76,1,0
BRDA:1311,77,0,0
BRDA:1311,77,1,0
BRDA:1312,78,0,0
BRDA:1312,78,1,0
BRDA:1316,79,0,0
BRDA:1316,79,1,0
BRDA:1324,80,0,0
BRDA:1324,80,1,0
BRDA:1325,81,0,0
BRDA:1325,81,1,0
BRDA:1331,82,0,0
BRDA:1331,82,1,0
BRDA:1337,83,0,0
BRDA:1337,83,1,0
BRDA:1351,84,0,0
BRDA:1355,85,0,0
BRDA:1359,86,0,0
BRDA:1363,87,0,0
BRDA:1367,88,0,0
BRF:149
BRH:0
end_of_record
TN:
SF:src\rfq\rfq.controller.ts
FN:29,(anonymous_4)
FN:57,(anonymous_5)
FN:111,(anonymous_6)
FN:148,(anonymous_7)
FN:184,(anonymous_8)
FN:212,(anonymous_9)
FN:252,(anonymous_10)
FN:292,(anonymous_11)
FN:337,(anonymous_12)
FN:375,(anonymous_13)
FNF:10
FNH:0
FNDA:0,(anonymous_4)
FNDA:0,(anonymous_5)
FNDA:0,(anonymous_6)
FNDA:0,(anonymous_7)
FNDA:0,(anonymous_8)
FNDA:0,(anonymous_9)
FNDA:0,(anonymous_10)
FNDA:0,(anonymous_11)
FNDA:0,(anonymous_12)
FNDA:0,(anonymous_13)
DA:1,0
DA:14,0
DA:15,0
DA:16,0
DA:17,0
DA:18,0
DA:19,0
DA:20,0
DA:21,0
DA:22,0
DA:28,0
DA:29,0
DA:57,0
DA:58,0
DA:59,0
DA:60,0
DA:64,0
DA:65,0
DA:66,0
DA:69,0
DA:71,0
DA:72,0
DA:74,0
DA:75,0
DA:111,0
DA:112,0
DA:113,0
DA:115,0
DA:116,0
DA:148,0
DA:149,0
DA:150,0
DA:152,0
DA:153,0
DA:184,0
DA:185,0
DA:186,0
DA:187,0
DA:190,0
DA:192,0
DA:193,0
DA:195,0
DA:196,0
DA:212,0
DA:213,0
DA:214,0
DA:215,0
DA:218,0
DA:219,0
DA:223,0
DA:224,0
DA:225,0
DA:226,0
DA:230,0
DA:232,0
DA:233,0
DA:235,0
DA:236,0
DA:252,0
DA:253,0
DA:254,0
DA:255,0
DA:258,0
DA:259,0
DA:261,0
DA:262,0
DA:264,0
DA:265,0
DA:292,0
DA:296,0
DA:297,0
DA:298,0
DA:301,0
DA:302,0
DA:305,0
DA:307,0
DA:308,0
DA:310,0
DA:311,0
DA:337,0
DA:338,0
DA:339,0
DA:340,0
DA:343,0
DA:345,0
DA:346,0
DA:348,0
DA:349,0
DA:375,0
DA:376,0
DA:377,0
DA:378,0
DA:381,0
DA:383,0
DA:384,0
DA:386,0
DA:387,0
LF:97
LH:0
BRDA:59,0,0,0
BRDA:65,1,0,0
BRDA:71,2,0,0
BRDA:186,3,0,0
BRDA:192,4,0,0
BRDA:214,5,0,0
BRDA:218,6,0,0
BRDA:218,7,0,0
BRDA:218,7,1,0
BRDA:223,8,0,0
BRDA:225,9,0,0
BRDA:232,10,0,0
BRDA:254,11,0,0
BRDA:261,12,0,0
BRDA:297,13,0,0
BRDA:301,14,0,0
BRDA:301,15,0,0
BRDA:301,15,1,0
BRDA:307,16,0,0
BRDA:339,17,0,0
BRDA:345,18,0,0
BRDA:377,19,0,0
BRDA:383,20,0,0
BRF:23
BRH:0
end_of_record
TN:
SF:src\scanning\scanning.controller.ts
FN:27,(anonymous_4)
FN:32,(anonymous_5)
FN:51,(anonymous_6)
FN:62,(anonymous_7)
FN:81,(anonymous_8)
FN:92,(anonymous_9)
FN:103,(anonymous_10)
FN:110,(anonymous_11)
FN:121,(anonymous_12)
FN:128,(anonymous_13)
FN:135,(anonymous_14)
FN:142,(anonymous_15)
FNF:12
FNH:0
FNDA:0,(anonymous_4)
FNDA:0,(anonymous_5)
FNDA:0,(anonymous_6)
FNDA:0,(anonymous_7)
FNDA:0,(anonymous_8)
FNDA:0,(anonymous_9)
FNDA:0,(anonymous_10)
FNDA:0,(anonymous_11)
FNDA:0,(anonymous_12)
FNDA:0,(anonymous_13)
FNDA:0,(anonymous_14)
FNDA:0,(anonymous_15)
DA:1,0
DA:14,0
DA:15,0
DA:16,0
DA:17,0
DA:18,0
DA:19,0
DA:20,0
DA:26,0
DA:27,0
DA:32,0
DA:33,0
DA:51,0
DA:56,0
DA:62,0
DA:63,0
DA:81,0
DA:86,0
DA:92,0
DA:97,0
DA:103,0
DA:104,0
DA:110,0
DA:115,0
DA:121,0
DA:122,0
DA:128,0
DA:129,0
DA:135,0
DA:136,0
DA:142,0
DA:143,0
LF:32
LH:0
BRF:0
BRH:0
end_of_record
TN:
SF:src\suppliers\suppliers.controller.ts
FN:26,(anonymous_4)
FN:61,(anonymous_5)
FN:115,(anonymous_6)
FN:167,(anonymous_7)
FN:210,(anonymous_8)
FN:259,(anonymous_9)
FN:316,(anonymous_10)
FN:359,(anonymous_11)
FNF:8
FNH:0
FNDA:0,(anonymous_4)
FNDA:0,(anonymous_5)
FNDA:0,(anonymous_6)
FNDA:0,(anonymous_7)
FNDA:0,(anonymous_8)
FNDA:0,(anonymous_9)
FNDA:0,(anonymous_10)
FNDA:0,(anonymous_11)
DA:1,0
DA:13,0
DA:14,0
DA:15,0
DA:16,0
DA:17,0
DA:18,0
DA:19,0
DA:25,0
DA:26,0
DA:61,0
DA:62,0
DA:63,0
DA:65,0
DA:66,0
DA:115,0
DA:120,0
DA:121,0
DA:122,0
DA:125,0
DA:126,0
DA:129,0
DA:131,0
DA:132,0
DA:134,0
DA:135,0
DA:167,0
DA:168,0
DA:169,0
DA:170,0
DA:173,0
DA:175,0
DA:176,0
DA:178,0
DA:179,0
DA:210,0
DA:211,0
DA:212,0
DA:213,0
DA:217,0
DA:218,0
DA:219,0
DA:223,0
DA:224,0
DA:228,0
DA:229,0
DA:233,0
DA:234,0
DA:237,0
DA:239,0
DA:240,0
DA:242,0
DA:243,0
DA:259,0
DA:260,0
DA:261,0
DA:262,0
DA:265,0
DA:266,0
DA:270,0
DA:271,0
DA:272,0
DA:273,0
DA:278,0
DA:279,0
DA:280,0
DA:285,0
DA:286,0
DA:290,0
DA:291,0
DA:294,0
DA:296,0
DA:297,0
DA:299,0
DA:300,0
DA:316,0
DA:317,0
DA:318,0
DA:319,0
DA:322,0
DA:323,0
DA:325,0
DA:326,0
DA:328,0
DA:329,0
DA:359,0
DA:360,0
DA:361,0
DA:362,0
DA:365,0
DA:367,0
DA:368,0
DA:370,0
DA:371,0
LF:94
LH:0
BRDA:121,0,0,0
BRDA:125,1,0,0
BRDA:131,2,0,0
BRDA:169,3,0,0
BRDA:175,4,0,0
BRDA:212,5,0,0
BRDA:212,6,0,0
BRDA:212,6,1,0
BRDA:218,7,0,0
BRDA:223,8,0,0
BRDA:228,9,0,0
BRDA:228,10,0,0
BRDA:228,10,1,0
BRDA:233,11,0,0
BRDA:233,12,0,0
BRDA:233,12,1,0
BRDA:239,13,0,0
BRDA:261,14,0,0
BRDA:265,15,0,0
BRDA:265,16,0,0
BRDA:265,16,1,0
BRDA:270,17,0,0
BRDA:272,18,0,0
BRDA:278,19,0,0
BRDA:279,20,0,0
BRDA:285,21,0,0
BRDA:285,22,0,0
BRDA:285,22,1,0
BRDA:290,23,0,0
BRDA:290,24,0,0
BRDA:290,24,1,0
BRDA:296,25,0,0
BRDA:318,26,0,0
BRDA:325,27,0,0
BRDA:361,28,0,0
BRDA:367,29,0,0
BRF:36
BRH:0
end_of_record
TN:
SF:src\suppliers\suppliers.service.ts
FN:6,(anonymous_2)
FN:8,(anonymous_3)
FN:39,(anonymous_4)
FN:77,(anonymous_5)
FN:84,(anonymous_6)
FN:122,(anonymous_7)
FN:153,(anonymous_8)
FN:179,(anonymous_9)
FN:199,(anonymous_10)
FN:252,(anonymous_11)
FNF:10
FNH:0
FNDA:0,(anonymous_2)
FNDA:0,(anonymous_3)
FNDA:0,(anonymous_4)
FNDA:0,(anonymous_5)
FNDA:0,(anonymous_6)
FNDA:0,(anonymous_7)
FNDA:0,(anonymous_8)
FNDA:0,(anonymous_9)
FNDA:0,(anonymous_10)
FNDA:0,(anonymous_11)
DA:1,0
DA:2,0
DA:5,0
DA:6,0
DA:9,0
DA:11,0
DA:12,0
DA:18,0
DA:36,0
DA:51,0
DA:55,0
DA:56,0
DA:62,0
DA:77,0
DA:85,0
DA:115,0
DA:116,0
DA:119,0
DA:124,0
DA:125,0
DA:129,0
DA:133,0
DA:134,0
DA:137,0
DA:150,0
DA:155,0
DA:158,0
DA:159,0
DA:166,0
DA:167,0
DA:171,0
DA:176,0
DA:181,0
DA:184,0
DA:188,0
DA:189,0
DA:194,0
DA:200,0
DA:209,0
DA:234,0
DA:249,0
DA:253,0
DA:256,0
DA:257,0
DA:261,0
DA:262,0
DA:266,0
DA:267,0
DA:271,0
DA:272,0
DA:274,0
DA:275,0
DA:277,0
DA:278,0
DA:281,0
LF:55
LH:0
BRDA:11,0,0,0
BRDA:55,1,0,0
BRDA:115,2,0,0
BRDA:124,3,0,0
BRDA:124,4,0,0
BRDA:124,4,1,0
BRDA:133,5,0,0
BRDA:140,6,0,0
BRDA:140,6,1,0
BRDA:141,7,0,0
BRDA:141,7,1,0
BRDA:142,8,0,0
BRDA:142,8,1,0
BRDA:143,9,0,0
BRDA:143,9,1,0
BRDA:144,10,0,0
BRDA:144,10,1,0
BRDA:145,11,0,0
BRDA:145,11,1,0
BRDA:158,12,0,0
BRDA:166,13,0,0
BRDA:188,14,0,0
BRDA:239,15,0,0
BRDA:239,15,1,0
BRDA:242,16,0,0
BRDA:242,16,1,0
BRDA:243,17,0,0
BRDA:243,17,1,0
BRDA:256,18,0,0
BRDA:261,19,0,0
BRDA:261,20,0,0
BRDA:261,20,1,0
BRDA:266,21,0,0
BRDA:266,22,0,0
BRDA:266,22,1,0
BRDA:266,22,2,0
BRDA:271,23,0,0
BRDA:274,24,0,0
BRDA:277,25,0,0
BRF:39
BRH:0
end_of_record
TN:
SF:src\tasks\task-attachments.service.ts
FN:6,(anonymous_2)
FN:8,(anonymous_3)
FN:49,(anonymous_4)
FN:59,(anonymous_5)
FN:75,(anonymous_6)
FN:94,(anonymous_7)
FN:108,(anonymous_8)
FN:117,(anonymous_9)
FN:118,(anonymous_10)
FN:133,(anonymous_11)
FN:163,(anonymous_12)
FNF:11
FNH:0
FNDA:0,(anonymous_2)
FNDA:0,(anonymous_3)
FNDA:0,(anonymous_4)
FNDA:0,(anonymous_5)
FNDA:0,(anonymous_6)
FNDA:0,(anonymous_7)
FNDA:0,(anonymous_8)
FNDA:0,(anonymous_9)
FNDA:0,(anonymous_10)
FNDA:0,(anonymous_11)
FNDA:0,(anonymous_12)
DA:1,0
DA:2,0
DA:5,0
DA:6,0
DA:10,0
DA:13,0
DA:14,0
DA:18,0
DA:21,0
DA:22,0
DA:26,0
DA:29,0
DA:30,0
DA:33,0
DA:50,0
DA:60,0
DA:68,0
DA:69,0
DA:72,0
DA:77,0
DA:80,0
DA:81,0
DA:84,0
DA:96,0
DA:99,0
DA:100,0
DA:103,0
DA:109,0
DA:116,0
DA:117,0
DA:118,0
DA:119,0
DA:120,0
DA:121,0
DA:124,0
DA:134,0
DA:164,0
LF:37
LH:0
BRDA:13,0,0,0
BRDA:21,1,0,0
BRDA:29,2,0,0
BRDA:37,3,0,0
BRDA:37,3,1,0
BRDA:37,3,2,0
BRDA:38,4,0,0
BRDA:38,4,1,0
BRDA:39,5,0,0
BRDA:39,5,1,0
BRDA:68,6,0,0
BRDA:80,7,0,0
BRDA:99,8,0,0
BRDA:117,9,0,0
BRDA:117,9,1,0
BRDA:119,10,0,0
BRDA:119,10,1,0
BRDA:120,11,0,0
BRDA:120,11,1,0
BRDA:129,12,0,0
BRDA:129,12,1,0
BRF:21
BRH:0
end_of_record
TN:
SF:src\tasks\task-comments.service.ts
FN:6,(anonymous_2)
FN:8,(anonymous_3)
FN:45,(anonymous_4)
FN:63,(anonymous_5)
FN:85,(anonymous_6)
FN:120,(anonymous_7)
FN:140,(anonymous_8)
FNF:7
FNH:0
FNDA:0,(anonymous_2)
FNDA:0,(anonymous_3)
FNDA:0,(anonymous_4)
FNDA:0,(anonymous_5)
FNDA:0,(anonymous_6)
FNDA:0,(anonymous_7)
FNDA:0,(anonymous_8)
DA:1,0
DA:2,0
DA:5,0
DA:6,0
DA:10,0
DA:13,0
DA:14,0
DA:18,0
DA:21,0
DA:22,0
DA:25,0
DA:46,0
DA:60,0
DA:64,0
DA:78,0
DA:79,0
DA:82,0
DA:87,0
DA:90,0
DA:91,0
DA:95,0
DA:96,0
DA:99,0
DA:122,0
DA:125,0
DA:126,0
DA:130,0
DA:131,0
DA:135,0
DA:141,0
LF:30
LH:0
BRDA:13,0,0,0
BRDA:21,1,0,0
BRDA:78,2,0,0
BRDA:90,3,0,0
BRDA:95,4,0,0
BRDA:125,5,0,0
BRDA:130,6,0,0
BRF:7
BRH:0
end_of_record
TN:
SF:src\tasks\task-dependencies.service.ts
FN:6,(anonymous_2)
FN:8,(anonymous_3)
FN:58,(anonymous_4)
FN:75,(anonymous_5)
FN:92,(anonymous_6)
FN:109,(anonymous_7)
FN:113,(anonymous_8)
FN:139,(anonymous_9)
FN:142,(anonymous_10)
FN:165,(anonymous_11)
FN:179,(anonymous_12)
FN:182,(anonymous_13)
FN:196,(anonymous_14)
FNF:13
FNH:0
FNDA:0,(anonymous_2)
FNDA:0,(anonymous_3)
FNDA:0,(anonymous_4)
FNDA:0,(anonymous_5)
FNDA:0,(anonymous_6)
FNDA:0,(anonymous_7)
FNDA:0,(anonymous_8)
FNDA:0,(anonymous_9)
FNDA:0,(anonymous_10)
FNDA:0,(anonymous_11)
FNDA:0,(anonymous_12)
FNDA:0,(anonymous_13)
FNDA:0,(anonymous_14)
DA:1,0
DA:2,0
DA:5,0
DA:6,0
DA:10,0
DA:15,0
DA:16,0
DA:18,0
DA:19,0
DA:23,0
DA:24,0
DA:28,0
DA:35,0
DA:36,0
DA:40,0
DA:41,0
DA:42,0
DA:45,0
DA:59,0
DA:66,0
DA:67,0
DA:70,0
DA:76,0
DA:89,0
DA:93,0
DA:106,0
DA:110,0
DA:111,0
DA:113,0
DA:114,0
DA:115,0
DA:118,0
DA:119,0
DA:122,0
DA:123,0
DA:125,0
DA:130,0
DA:131,0
DA:135,0
DA:136,0
DA:140,0
DA:142,0
DA:143,0
DA:144,0
DA:146,0
DA:148,0
DA:153,0
DA:154,0
DA:155,0
DA:159,0
DA:162,0
DA:167,0
DA:179,0
DA:184,0
DA:196,0
LF:55
LH:0
BRDA:15,0,0,0
BRDA:18,1,0,0
BRDA:23,2,0,0
BRDA:35,3,0,0
BRDA:41,4,0,0
BRDA:66,5,0,0
BRDA:113,6,0,0
BRDA:114,7,0,0
BRDA:118,8,0,0
BRDA:143,9,0,0
BRDA:144,10,0,0
BRDA:154,11,0,0
BRF:12
BRH:0
end_of_record
TN:
SF:src\tasks\tasks.controller.ts
FN:22,(anonymous_4)
FN:26,(anonymous_5)
FN:32,(anonymous_6)
FN:38,(anonymous_7)
FN:44,(anonymous_8)
FN:50,(anonymous_9)
FN:56,(anonymous_10)
FN:65,(anonymous_11)
FN:74,(anonymous_12)
FN:80,(anonymous_13)
FNF:10
FNH:0
FNDA:0,(anonymous_4)
FNDA:0,(anonymous_5)
FNDA:0,(anonymous_6)
FNDA:0,(anonymous_7)
FNDA:0,(anonymous_8)
FNDA:0,(anonymous_9)
FNDA:0,(anonymous_10)
FNDA:0,(anonymous_11)
FNDA:0,(anonymous_12)
FNDA:0,(anonymous_13)
DA:1,0
DA:12,0
DA:13,0
DA:14,0
DA:15,0
DA:16,0
DA:17,0
DA:21,0
DA:22,0
DA:26,0
DA:27,0
DA:32,0
DA:33,0
DA:38,0
DA:39,0
DA:44,0
DA:45,0
DA:50,0
DA:51,0
DA:56,0
DA:60,0
DA:65,0
DA:69,0
DA:74,0
DA:75,0
DA:80,0
DA:81,0
LF:27
LH:0
BRF:0
BRH:0
end_of_record
TN:
SF:src\tasks\tasks.service.ts
FN:7,(anonymous_2)
FN:9,(anonymous_3)
FN:78,(anonymous_4)
FN:103,(anonymous_5)
FN:143,(anonymous_6)
FN:221,(anonymous_7)
FN:258,(anonymous_8)
FN:302,(anonymous_9)
FN:319,(anonymous_10)
FN:330,(anonymous_11)
FNF:10
FNH:0
FNDA:0,(anonymous_2)
FNDA:0,(anonymous_3)
FNDA:0,(anonymous_4)
FNDA:0,(anonymous_5)
FNDA:0,(anonymous_6)
FNDA:0,(anonymous_7)
FNDA:0,(anonymous_8)
FNDA:0,(anonymous_9)
FNDA:0,(anonymous_10)
FNDA:0,(anonymous_11)
DA:1,0
DA:2,0
DA:6,0
DA:7,0
DA:10,0
DA:13,0
DA:16,0
DA:17,0
DA:21,0
DA:22,0
DA:25,0
DA:26,0
DA:31,0
DA:32,0
DA:35,0
DA:36,0
DA:39,0
DA:40,0
DA:43,0
DA:44,0
DA:49,0
DA:79,0
DA:81,0
DA:104,0
DA:136,0
DA:137,0
DA:140,0
DA:144,0
DA:147,0
DA:150,0
DA:151,0
DA:155,0
DA:156,0
DA:159,0
DA:160,0
DA:165,0
DA:166,0
DA:169,0
DA:170,0
DA:175,0
DA:176,0
DA:179,0
DA:180,0
DA:184,0
DA:185,0
DA:188,0
DA:189,0
DA:193,0
DA:223,0
DA:226,0
DA:227,0
DA:231,0
DA:235,0
DA:236,0
DA:240,0
DA:244,0
DA:248,0
DA:253,0
DA:260,0
DA:265,0
DA:266,0
DA:268,0
DA:269,0
DA:273,0
DA:274,0
DA:278,0
DA:285,0
DA:286,0
DA:289,0
DA:303,0
DA:310,0
DA:311,0
DA:314,0
DA:320,0
DA:327,0
DA:331,0
DA:338,0
LF:77
LH:0
BRDA:16,0,0,0
BRDA:21,1,0,0
BRDA:25,2,0,0
BRDA:31,3,0,0
BRDA:35,4,0,0
BRDA:39,5,0,0
BRDA:43,6,0,0
BRDA:52,7,0,0
BRDA:52,7,1,0
BRDA:53,8,0,0
BRDA:53,8,1,0
BRDA:55,9,0,0
BRDA:55,9,1,0
BRDA:56,10,0,0
BRDA:56,10,1,0
BRDA:57,11,0,0
BRDA:57,11,1,0
BRDA:79,12,0,0
BRDA:79,12,1,0
BRDA:136,13,0,0
BRDA:150,14,0,0
BRDA:155,15,0,0
BRDA:155,16,0,0
BRDA:155,16,1,0
BRDA:159,17,0,0
BRDA:165,18,0,0
BRDA:165,19,0,0
BRDA:165,19,1,0
BRDA:169,20,0,0
BRDA:175,21,0,0
BRDA:175,22,0,0
BRDA:175,22,1,0
BRDA:179,23,0,0
BRDA:184,24,0,0
BRDA:184,25,0,0
BRDA:184,25,1,0
BRDA:188,26,0,0
BRDA:197,27,0,0
BRDA:197,27,1,0
BRDA:198,28,0,0
BRDA:198,28,1,0
BRDA:199,29,0,0
BRDA:199,29,1,0
BRDA:200,30,0,0
BRDA:200,30,1,0
BRDA:226,31,0,0
BRDA:235,32,0,0
BRDA:265,33,0,0
BRDA:268,34,0,0
BRDA:273,35,0,0
BRDA:285,36,0,0
BRDA:310,37,0,0
BRF:52
BRH:0
end_of_record
TN:
SF:src\tasks\time-logs.controller.ts
FN:22,(anonymous_4)
FN:26,(anonymous_5)
FN:32,(anonymous_6)
FN:41,(anonymous_7)
FN:47,(anonymous_8)
FN:53,(anonymous_9)
FN:59,(anonymous_10)
FN:65,(anonymous_11)
FNF:8
FNH:0
FNDA:0,(anonymous_4)
FNDA:0,(anonymous_5)
FNDA:0,(anonymous_6)
FNDA:0,(anonymous_7)
FNDA:0,(anonymous_8)
FNDA:0,(anonymous_9)
FNDA:0,(anonymous_10)
FNDA:0,(anonymous_11)
DA:1,0
DA:12,0
DA:13,0
DA:14,0
DA:15,0
DA:16,0
DA:17,0
DA:21,0
DA:22,0
DA:26,0
DA:27,0
DA:32,0
DA:36,0
DA:41,0
DA:42,0
DA:47,0
DA:48,0
DA:53,0
DA:54,0
DA:59,0
DA:60,0
DA:65,0
DA:70,0
LF:23
LH:0
BRF:0
BRH:0
end_of_record
TN:
SF:src\tasks\time-logs.service.ts
FN:7,(anonymous_2)
FN:9,(anonymous_3)
FN:51,(anonymous_4)
FN:72,(anonymous_5)
FN:88,(anonymous_6)
FN:114,(anonymous_7)
FN:128,(anonymous_8)
FN:140,(anonymous_9)
FN:160,(anonymous_10)
FN:192,(anonymous_11)
FNF:10
FNH:0
FNDA:0,(anonymous_2)
FNDA:0,(anonymous_3)
FNDA:0,(anonymous_4)
FNDA:0,(anonymous_5)
FNDA:0,(anonymous_6)
FNDA:0,(anonymous_7)
FNDA:0,(anonymous_8)
FNDA:0,(anonymous_9)
FNDA:0,(anonymous_10)
FNDA:0,(anonymous_11)
DA:1,0
DA:2,0
DA:6,0
DA:7,0
DA:10,0
DA:13,0
DA:16,0
DA:17,0
DA:21,0
DA:24,0
DA:25,0
DA:29,0
DA:30,0
DA:31,0
DA:35,0
DA:52,0
DA:54,0
DA:55,0
DA:58,0
DA:59,0
DA:62,0
DA:73,0
DA:81,0
DA:82,0
DA:85,0
DA:90,0
DA:93,0
DA:94,0
DA:98,0
DA:99,0
DA:100,0
DA:104,0
DA:116,0
DA:119,0
DA:120,0
DA:123,0
DA:129,0
DA:140,0
DA:141,0
DA:142,0
DA:144,0
DA:145,0
DA:146,0
DA:148,0
DA:151,0
DA:161,0
DA:163,0
DA:164,0
DA:165,0
DA:166,0
DA:168,0
DA:169,0
DA:173,0
DA:192,0
DA:193,0
DA:194,0
DA:196,0
DA:197,0
DA:198,0
DA:200,0
DA:203,0
LF:61
LH:0
BRDA:16,0,0,0
BRDA:24,1,0,0
BRDA:29,2,0,0
BRDA:29,3,0,0
BRDA:29,3,1,0
BRDA:30,4,0,0
BRDA:38,5,0,0
BRDA:38,5,1,0
BRDA:39,6,0,0
BRDA:39,6,1,0
BRDA:40,7,0,0
BRDA:40,7,1,0
BRDA:54,8,0,0
BRDA:58,9,0,0
BRDA:81,10,0,0
BRDA:93,11,0,0
BRDA:98,12,0,0
BRDA:98,13,0,0
BRDA:98,13,1,0
BRDA:99,14,0,0
BRDA:119,15,0,0
BRDA:141,16,0,0
BRDA:144,17,0,0
BRDA:144,18,0,0
BRDA:144,18,1,0
BRDA:163,19,0,0
BRDA:163,20,0,0
BRDA:163,20,1,0
BRDA:165,21,0,0
BRDA:168,22,0,0
BRDA:193,23,0,0
BRDA:196,24,0,0
BRDA:196,25,0,0
BRDA:196,25,1,0
BRF:34
BRH:0
end_of_record
TN:
SF:src\users\users.controller.ts
FN:27,(anonymous_4)
FN:51,(anonymous_5)
FN:93,(anonymous_6)
FN:123,(anonymous_7)
FN:158,(anonymous_8)
FN:199,(anonymous_9)
FN:249,(anonymous_10)
FN:296,(anonymous_11)
FN:345,(anonymous_12)
FNF:9
FNH:0
FNDA:0,(anonymous_4)
FNDA:0,(anonymous_5)
FNDA:0,(anonymous_6)
FNDA:0,(anonymous_7)
FNDA:0,(anonymous_8)
FNDA:0,(anonymous_9)
FNDA:0,(anonymous_10)
FNDA:0,(anonymous_11)
FNDA:0,(anonymous_12)
DA:1,0
DA:13,0
DA:14,0
DA:15,0
DA:16,0
DA:17,0
DA:18,0
DA:19,0
DA:20,0
DA:26,0
DA:27,0
DA:51,0
DA:52,0
DA:53,0
DA:54,0
DA:57,0
DA:59,0
DA:60,0
DA:62,0
DA:63,0
DA:93,0
DA:94,0
DA:95,0
DA:97,0
DA:98,0
DA:123,0
DA:124,0
DA:125,0
DA:127,0
DA:128,0
DA:158,0
DA:159,0
DA:160,0
DA:161,0
DA:164,0
DA:166,0
DA:167,0
DA:169,0
DA:170,0
DA:199,0
DA:200,0
DA:201,0
DA:202,0
DA:206,0
DA:207,0
DA:208,0
DA:212,0
DA:213,0
DA:217,0
DA:218,0
DA:222,0
DA:227,0
DA:229,0
DA:230,0
DA:232,0
DA:233,0
DA:249,0
DA:253,0
DA:254,0
DA:255,0
DA:258,0
DA:259,0
DA:263,0
DA:264,0
DA:265,0
DA:270,0
DA:271,0
DA:274,0
DA:276,0
DA:277,0
DA:279,0
DA:280,0
DA:296,0
DA:297,0
DA:298,0
DA:299,0
DA:302,0
DA:303,0
DA:305,0
DA:306,0
DA:308,0
DA:309,0
DA:345,0
DA:346,0
DA:347,0
DA:348,0
DA:351,0
DA:353,0
DA:354,0
DA:356,0
DA:357,0
LF:91
LH:0
BRDA:53,0,0,0
BRDA:59,1,0,0
BRDA:160,2,0,0
BRDA:166,3,0,0
BRDA:201,4,0,0
BRDA:201,5,0,0
BRDA:201,5,1,0
BRDA:201,5,2,0
BRDA:207,6,0,0
BRDA:212,7,0,0
BRDA:217,8,0,0
BRDA:217,9,0,0
BRDA:217,9,1,0
BRDA:224,10,0,0
BRDA:224,10,1,0
BRDA:229,11,0,0
BRDA:254,12,0,0
BRDA:258,13,0,0
BRDA:258,14,0,0
BRDA:258,14,1,0
BRDA:263,15,0,0
BRDA:264,16,0,0
BRDA:270,17,0,0
BRDA:270,18,0,0
BRDA:270,18,1,0
BRDA:276,19,0,0
BRDA:298,20,0,0
BRDA:305,21,0,0
BRDA:347,22,0,0
BRDA:347,23,0,0
BRDA:347,23,1,0
BRDA:353,24,0,0
BRF:32
BRH:0
end_of_record
TN:
SF:src\users\users.service.ts
FN:7,(anonymous_2)
FN:9,(anonymous_3)
FN:24,(anonymous_4)
FN:44,(anonymous_5)
FN:60,(anonymous_6)
FN:92,(anonymous_7)
FN:115,(anonymous_8)
FN:124,(anonymous_9)
FN:140,(anonymous_10)
FN:153,(anonymous_11)
FN:159,(anonymous_12)
FNF:11
FNH:0
FNDA:0,(anonymous_2)
FNDA:0,(anonymous_3)
FNDA:0,(anonymous_4)
FNDA:0,(anonymous_5)
FNDA:0,(anonymous_6)
FNDA:0,(anonymous_7)
FNDA:0,(anonymous_8)
FNDA:0,(anonymous_9)
FNDA:0,(anonymous_10)
FNDA:0,(anonymous_11)
FNDA:0,(anonymous_12)
DA:1,0
DA:2,0
DA:3,0
DA:6,0
DA:7,0
DA:10,0
DA:21,0
DA:25,0
DA:37,0
DA:38,0
DA:41,0
DA:45,0
DA:57,0
DA:66,0
DA:67,0
DA:68,0
DA:71,0
DA:89,0
DA:97,0
DA:99,0
DA:112,0
DA:117,0
DA:119,0
DA:125,0
DA:137,0
DA:144,0
DA:146,0
DA:153,0
DA:154,0
DA:155,0
DA:159,0
DA:160,0
DA:161,0
DA:165,0
LF:34
LH:0
BRDA:37,0,0,0
BRDA:67,1,0,0
BRDA:160,2,0,0
BRF:3
BRH:0
end_of_record
TN:
SF:src\vendors\vendors.controller.ts
FN:40,(anonymous_4)
FN:66,(anonymous_5)
FN:75,(anonymous_6)
FN:82,(anonymous_7)
FN:90,(anonymous_8)
FN:101,(anonymous_9)
FN:108,(anonymous_10)
FN:119,(anonymous_11)
FN:130,(anonymous_12)
FN:137,(anonymous_13)
FN:144,(anonymous_14)
FN:155,(anonymous_15)
FN:162,(anonymous_16)
FN:173,(anonymous_17)
FN:183,(anonymous_18)
FN:194,(anonymous_19)
FN:202,(anonymous_20)
FN:214,(anonymous_21)
FN:226,(anonymous_22)
FN:237,(anonymous_23)
FN:251,(anonymous_24)
FN:262,(anonymous_25)
FN:269,(anonymous_26)
FN:280,(anonymous_27)
FN:287,(anonymous_28)
FN:294,(anonymous_29)
FN:301,(anonymous_30)
FN:308,(anonymous_31)
FN:319,(anonymous_32)
FN:326,(anonymous_33)
FN:336,(anonymous_34)
FN:343,(anonymous_35)
FN:353,(anonymous_36)
FN:360,(anonymous_37)
FN:370,(anonymous_38)
FN:377,(anonymous_39)
FN:384,(anonymous_40)
FN:395,(anonymous_41)
FN:402,(anonymous_42)
FNF:39
FNH:0
FNDA:0,(anonymous_4)
FNDA:0,(anonymous_5)
FNDA:0,(anonymous_6)
FNDA:0,(anonymous_7)
FNDA:0,(anonymous_8)
FNDA:0,(anonymous_9)
FNDA:0,(anonymous_10)
FNDA:0,(anonymous_11)
FNDA:0,(anonymous_12)
FNDA:0,(anonymous_13)
FNDA:0,(anonymous_14)
FNDA:0,(anonymous_15)
FNDA:0,(anonymous_16)
FNDA:0,(anonymous_17)
FNDA:0,(anonymous_18)
FNDA:0,(anonymous_19)
FNDA:0,(anonymous_20)
FNDA:0,(anonymous_21)
FNDA:0,(anonymous_22)
FNDA:0,(anonymous_23)
FNDA:0,(anonymous_24)
FNDA:0,(anonymous_25)
FNDA:0,(anonymous_26)
FNDA:0,(anonymous_27)
FNDA:0,(anonymous_28)
FNDA:0,(anonymous_29)
FNDA:0,(anonymous_30)
FNDA:0,(anonymous_31)
FNDA:0,(anonymous_32)
FNDA:0,(anonymous_33)
FNDA:0,(anonymous_34)
FNDA:0,(anonymous_35)
FNDA:0,(anonymous_36)
FNDA:0,(anonymous_37)
FNDA:0,(anonymous_38)
FNDA:0,(anonymous_39)
FNDA:0,(anonymous_40)
FNDA:0,(anonymous_41)
FNDA:0,(anonymous_42)
DA:1,0
DA:18,0
DA:19,0
DA:20,0
DA:21,0
DA:22,0
DA:23,0
DA:24,0
DA:39,0
DA:40,0
DA:66,0
DA:70,0
DA:75,0
DA:76,0
DA:82,0
DA:83,0
DA:90,0
DA:95,0
DA:101,0
DA:102,0
DA:108,0
DA:113,0
DA:119,0
DA:124,0
DA:130,0
DA:131,0
DA:137,0
DA:138,0
DA:144,0
DA:149,0
DA:155,0
DA:156,0
DA:162,0
DA:167,0
DA:173,0
DA:177,0
DA:183,0
DA:188,0
DA:194,0
DA:195,0
DA:202,0
DA:207,0
DA:214,0
DA:219,0
DA:226,0
DA:231,0
DA:237,0
DA:243,0
DA:251,0
DA:256,0
DA:262,0
DA:263,0
DA:269,0
DA:274,0
DA:280,0
DA:281,0
DA:287,0
DA:288,0
DA:294,0
DA:295,0
DA:301,0
DA:302,0
DA:308,0
DA:313,0
DA:319,0
DA:320,0
DA:326,0
DA:330,0
DA:336,0
DA:337,0
DA:343,0
DA:347,0
DA:353,0
DA:354,0
DA:360,0
DA:364,0
DA:370,0
DA:371,0
DA:377,0
DA:378,0
DA:384,0
DA:389,0
DA:395,0
DA:396,0
DA:402,0
DA:403,0
LF:86
LH:0
BRF:0
BRH:0
end_of_record
TN:
SF:src\vendors\vendors.service.ts
FN:12,(anonymous_2)
FN:18,(anonymous_3)
FN:84,(anonymous_4)
FN:110,(anonymous_5)
FN:128,(anonymous_6)
FN:174,(anonymous_7)
FN:217,(anonymous_8)
FN:223,(anonymous_9)
FN:236,(anonymous_10)
FN:242,(anonymous_11)
FN:246,(anonymous_12)
FN:268,(anonymous_13)
FN:300,(anonymous_14)
FN:321,(anonymous_15)
FN:344,(anonymous_16)
FN:367,(anonymous_17)
FN:388,(anonymous_18)
FN:416,(anonymous_19)
FN:444,(anonymous_20)
FN:478,(anonymous_21)
FN:505,(anonymous_22)
FN:529,(anonymous_23)
FN:550,(anonymous_24)
FN:574,(anonymous_25)
FN:587,(anonymous_26)
FN:609,(anonymous_27)
FN:620,(anonymous_28)
FN:630,(anonymous_29)
FN:637,(anonymous_30)
FN:644,(anonymous_31)
FN:655,(anonymous_32)
FN:666,(anonymous_33)
FN:673,(anonymous_34)
FN:684,(anonymous_35)
FN:691,(anonymous_36)
FN:698,(anonymous_37)
FN:705,(anonymous_38)
FNF:37
FNH:0
FNDA:0,(anonymous_2)
FNDA:0,(anonymous_3)
FNDA:0,(anonymous_4)
FNDA:0,(anonymous_5)
FNDA:0,(anonymous_6)
FNDA:0,(anonymous_7)
FNDA:0,(anonymous_8)
FNDA:0,(anonymous_9)
FNDA:0,(anonymous_10)
FNDA:0,(anonymous_11)
FNDA:0,(anonymous_12)
FNDA:0,(anonymous_13)
FNDA:0,(anonymous_14)
FNDA:0,(anonymous_15)
FNDA:0,(anonymous_16)
FNDA:0,(anonymous_17)
FNDA:0,(anonymous_18)
FNDA:0,(anonymous_19)
FNDA:0,(anonymous_20)
FNDA:0,(anonymous_21)
FNDA:0,(anonymous_22)
FNDA:0,(anonymous_23)
FNDA:0,(anonymous_24)
FNDA:0,(anonymous_25)
FNDA:0,(anonymous_26)
FNDA:0,(anonymous_27)
FNDA:0,(anonymous_28)
FNDA:0,(anonymous_29)
FNDA:0,(anonymous_30)
FNDA:0,(anonymous_31)
FNDA:0,(anonymous_32)
FNDA:0,(anonymous_33)
FNDA:0,(anonymous_34)
FNDA:0,(anonymous_35)
FNDA:0,(anonymous_36)
FNDA:0,(anonymous_37)
FNDA:0,(anonymous_38)
DA:1,0
DA:2,0
DA:3,0
DA:4,0
DA:5,0
DA:6,0
DA:9,0
DA:10,0
DA:13,0
DA:14,0
DA:15,0
DA:20,0
DA:21,0
DA:25,0
DA:29,0
DA:30,0
DA:34,0
DA:35,0
DA:36,0
DA:37,0
DA:41,0
DA:71,0
DA:72,0
DA:74,0
DA:77,0
DA:85,0
DA:90,0
DA:91,0
DA:94,0
DA:95,0
DA:98,0
DA:99,0
DA:100,0
DA:103,0
DA:111,0
DA:116,0
DA:117,0
DA:121,0
DA:122,0
DA:125,0
DA:129,0
DA:134,0
DA:135,0
DA:139,0
DA:140,0
DA:141,0
DA:142,0
DA:146,0
DA:167,0
DA:175,0
DA:180,0
DA:181,0
DA:186,0
DA:187,0
DA:195,0
DA:196,0
DA:202,0
DA:208,0
DA:209,0
DA:210,0
DA:214,0
DA:218,0
DA:223,0
DA:224,0
DA:225,0
DA:226,0
DA:228,0
DA:231,0
DA:233,0
DA:237,0
DA:242,0
DA:243,0
DA:247,0
DA:249,0
DA:261,0
DA:262,0
DA:265,0
DA:269,0
DA:271,0
DA:278,0
DA:279,0
DA:282,0
DA:301,0
DA:303,0
DA:310,0
DA:311,0
DA:314,0
DA:318,0
DA:322,0
DA:324,0
DA:326,0
DA:327,0
DA:330,0
DA:331,0
DA:334,0
DA:345,0
DA:347,0
DA:349,0
DA:350,0
DA:353,0
DA:354,0
DA:357,0
DA:368,0
DA:370,0
DA:381,0
DA:382,0
DA:385,0
DA:389,0
DA:391,0
DA:398,0
DA:399,0
DA:402,0
DA:417,0
DA:419,0
DA:426,0
DA:427,0
DA:430,0
DA:445,0
DA:447,0
DA:454,0
DA:455,0
DA:459,0
DA:460,0
DA:463,0
DA:479,0
DA:481,0
DA:483,0
DA:484,0
DA:487,0
DA:488,0
DA:491,0
DA:492,0
DA:495,0
DA:506,0
DA:508,0
DA:510,0
DA:530,0
DA:532,0
DA:543,0
DA:544,0
DA:547,0
DA:551,0
DA:553,0
DA:560,0
DA:561,0
DA:564,0
DA:575,0
DA:577,0
DA:588,0
DA:590,0
DA:610,0
DA:613,0
DA:621,0
DA:624,0
DA:631,0
DA:634,0
DA:638,0
DA:641,0
DA:645,0
DA:648,0
DA:656,0
DA:659,0
DA:667,0
DA:670,0
DA:674,0
DA:677,0
DA:685,0
DA:688,0
DA:692,0
DA:695,0
DA:699,0
DA:702,0
DA:706,0
DA:709,0
DA:725,0
LF:175
LH:0
BRDA:20,0,0,0
BRDA:20,1,0,0
BRDA:20,1,1,0
BRDA:20,1,2,0
BRDA:29,2,0,0
BRDA:35,3,0,0
BRDA:57,4,0,0
BRDA:57,4,1,0
BRDA:90,5,0,0
BRDA:90,6,0,0
BRDA:90,6,1,0
BRDA:94,7,0,0
BRDA:99,8,0,0
BRDA:116,9,0,0
BRDA:116,10,0,0
BRDA:116,10,1,0
BRDA:121,11,0,0
BRDA:134,12,0,0
BRDA:134,13,0,0
BRDA:134,13,1,0
BRDA:140,14,0,0
BRDA:157,15,0,0
BRDA:157,15,1,0
BRDA:161,16,0,0
BRDA:161,16,1,0
BRDA:162,17,0,0
BRDA:162,17,1,0
BRDA:163,18,0,0
BRDA:163,18,1,0
BRDA:174,19,0,0
BRDA:180,20,0,0
BRDA:186,21,0,0
BRDA:195,22,0,0
BRDA:209,23,0,0
BRDA:224,24,0,0
BRDA:261,25,0,0
BRDA:278,26,0,0
BRDA:310,27,0,0
BRDA:326,28,0,0
BRDA:330,29,0,0
BRDA:349,30,0,0
BRDA:353,31,0,0
BRDA:381,32,0,0
BRDA:398,33,0,0
BRDA:426,34,0,0
BRDA:454,35,0,0
BRDA:459,36,0,0
BRDA:483,37,0,0
BRDA:487,38,0,0
BRDA:491,39,0,0
BRDA:543,40,0,0
BRDA:560,41,0,0
BRF:52
BRH:0
end_of_record
TN:
SF:src\workflows\workflow-stages.controller.ts
FN:22,(anonymous_4)
FN:26,(anonymous_5)
FN:32,(anonymous_6)
FN:38,(anonymous_7)
FN:44,(anonymous_8)
FN:50,(anonymous_9)
FN:56,(anonymous_10)
FN:65,(anonymous_11)
FN:75,(anonymous_12)
FNF:9
FNH:0
FNDA:0,(anonymous_4)
FNDA:0,(anonymous_5)
FNDA:0,(anonymous_6)
FNDA:0,(anonymous_7)
FNDA:0,(anonymous_8)
FNDA:0,(anonymous_9)
FNDA:0,(anonymous_10)
FNDA:0,(anonymous_11)
FNDA:0,(anonymous_12)
DA:1,0
DA:12,0
DA:13,0
DA:14,0
DA:15,0
DA:16,0
DA:17,0
DA:21,0
DA:22,0
DA:26,0
DA:27,0
DA:32,0
DA:33,0
DA:38,0
DA:39,0
DA:44,0
DA:45,0
DA:50,0
DA:51,0
DA:56,0
DA:60,0
DA:65,0
DA:70,0
DA:75,0
DA:76,0
LF:25
LH:0
BRF:0
BRH:0
end_of_record
TN:
SF:src\workflows\workflow-stages.service.ts
FN:7,(anonymous_2)
FN:9,(anonymous_3)
FN:42,(anonymous_4)
FN:59,(anonymous_5)
FN:79,(anonymous_6)
FN:98,(anonymous_7)
FN:121,(anonymous_8)
FN:139,(anonymous_9)
FN:145,(anonymous_10)
FN:164,(anonymous_11)
FN:203,(anonymous_12)
FNF:11
FNH:0
FNDA:0,(anonymous_2)
FNDA:0,(anonymous_3)
FNDA:0,(anonymous_4)
FNDA:0,(anonymous_5)
FNDA:0,(anonymous_6)
FNDA:0,(anonymous_7)
FNDA:0,(anonymous_8)
FNDA:0,(anonymous_9)
FNDA:0,(anonymous_10)
FNDA:0,(anonymous_11)
FNDA:0,(anonymous_12)
DA:1,0
DA:2,0
DA:6,0
DA:7,0
DA:10,0
DA:13,0
DA:16,0
DA:17,0
DA:21,0
DA:22,0
DA:26,0
DA:29,0
DA:43,0
DA:45,0
DA:60,0
DA:72,0
DA:73,0
DA:76,0
DA:81,0
DA:84,0
DA:85,0
DA:88,0
DA:100,0
DA:103,0
DA:104,0
DA:108,0
DA:112,0
DA:113,0
DA:116,0
DA:123,0
DA:126,0
DA:127,0
DA:131,0
DA:135,0
DA:136,0
DA:139,0
DA:140,0
DA:141,0
DA:145,0
DA:146,0
DA:152,0
DA:154,0
DA:166,0
DA:169,0
DA:170,0
DA:174,0
DA:177,0
DA:178,0
DA:182,0
DA:183,0
DA:187,0
DA:190,0
DA:204,0
DA:221,0
DA:222,0
DA:225,0
LF:56
LH:0
BRDA:16,0,0,0
BRDA:21,1,0,0
BRDA:26,2,0,0
BRDA:26,2,1,0
BRDA:32,3,0,0
BRDA:32,3,1,0
BRDA:43,4,0,0
BRDA:43,4,1,0
BRDA:72,5,0,0
BRDA:84,6,0,0
BRDA:103,7,0,0
BRDA:112,8,0,0
BRDA:126,9,0,0
BRDA:135,10,0,0
BRDA:140,11,0,0
BRDA:169,12,0,0
BRDA:177,13,0,0
BRDA:182,14,0,0
BRDA:187,15,0,0
BRDA:187,15,1,0
BRDA:221,16,0,0
BRF:21
BRH:0
end_of_record
TN:
SF:src\workflows\workflows.controller.ts
FN:22,(anonymous_4)
FN:26,(anonymous_5)
FN:32,(anonymous_6)
FN:38,(anonymous_7)
FN:44,(anonymous_8)
FN:50,(anonymous_9)
FN:56,(anonymous_10)
FN:66,(anonymous_11)
FNF:8
FNH:0
FNDA:0,(anonymous_4)
FNDA:0,(anonymous_5)
FNDA:0,(anonymous_6)
FNDA:0,(anonymous_7)
FNDA:0,(anonymous_8)
FNDA:0,(anonymous_9)
FNDA:0,(anonymous_10)
FNDA:0,(anonymous_11)
DA:1,0
DA:12,0
DA:13,0
DA:14,0
DA:15,0
DA:16,0
DA:17,0
DA:21,0
DA:22,0
DA:26,0
DA:27,0
DA:32,0
DA:33,0
DA:38,0
DA:39,0
DA:44,0
DA:45,0
DA:50,0
DA:51,0
DA:56,0
DA:61,0
DA:66,0
DA:67,0
LF:23
LH:0
BRF:0
BRH:0
end_of_record
TN:
SF:src\workflows\workflows.service.ts
FN:7,(anonymous_2)
FN:9,(anonymous_3)
FN:37,(anonymous_4)
FN:53,(anonymous_5)
FN:76,(anonymous_6)
FN:112,(anonymous_7)
FN:141,(anonymous_8)
FN:165,(anonymous_9)
FN:189,(anonymous_10)
FN:209,(anonymous_11)
FN:210,(anonymous_12)
FN:211,(anonymous_13)
FN:222,(anonymous_14)
FN:223,(anonymous_15)
FN:224,(anonymous_16)
FNF:15
FNH:0
FNDA:0,(anonymous_2)
FNDA:0,(anonymous_3)
FNDA:0,(anonymous_4)
FNDA:0,(anonymous_5)
FNDA:0,(anonymous_6)
FNDA:0,(anonymous_7)
FNDA:0,(anonymous_8)
FNDA:0,(anonymous_9)
FNDA:0,(anonymous_10)
FNDA:0,(anonymous_11)
FNDA:0,(anonymous_12)
FNDA:0,(anonymous_13)
FNDA:0,(anonymous_14)
FNDA:0,(anonymous_15)
FNDA:0,(anonymous_16)
DA:1,0
DA:2,0
DA:6,0
DA:7,0
DA:10,0
DA:13,0
DA:14,0
DA:17,0
DA:18,0
DA:22,0
DA:38,0
DA:40,0
DA:54,0
DA:69,0
DA:70,0
DA:73,0
DA:77,0
DA:80,0
DA:83,0
DA:84,0
DA:88,0
DA:89,0
DA:92,0
DA:93,0
DA:97,0
DA:114,0
DA:117,0
DA:118,0
DA:122,0
DA:126,0
DA:127,0
DA:131,0
DA:136,0
DA:142,0
DA:149,0
DA:150,0
DA:154,0
DA:164,0
DA:165,0
DA:173,0
DA:178,0
DA:190,0
DA:204,0
DA:205,0
DA:208,0
DA:209,0
DA:210,0
DA:211,0
DA:213,0
DA:215,0
DA:223,0
DA:224,0
DA:225,0
DA:227,0
LF:54
LH:0
BRDA:13,0,0,0
BRDA:17,1,0,0
BRDA:25,2,0,0
BRDA:25,2,1,0
BRDA:26,3,0,0
BRDA:26,3,1,0
BRDA:38,4,0,0
BRDA:38,4,1,0
BRDA:69,5,0,0
BRDA:83,6,0,0
BRDA:88,7,0,0
BRDA:88,8,0,0
BRDA:88,8,1,0
BRDA:92,9,0,0
BRDA:101,10,0,0
BRDA:101,10,1,0
BRDA:117,11,0,0
BRDA:126,12,0,0
BRDA:149,13,0,0
BRDA:158,14,0,0
BRDA:158,14,1,0
BRDA:164,15,0,0
BRDA:170,16,0,0
BRDA:170,16,1,0
BRDA:204,17,0,0
BRDA:213,18,0,0
BRDA:213,18,1,0
BRDA:225,19,0,0
BRDA:225,19,1,0
BRF:29
BRH:0
end_of_record
